{"meta": {"format": 3, "version": "7.13.5", "timestamp": "2026-04-01T09:36:16.329379", "branch_coverage": false, "show_contexts": false}, "files": {"src\\antigravity_mcp\\__init__.py": {"executed_lines": [3, 5], "summary": {"covered_lines": 2, "num_statements": 2, "percent_covered": 100.0, "percent_covered_display": "100", "missing_lines": 0, "excluded_lines": 0, "percent_statements_covered": 100.0, "percent_statements_covered_display": "100"}, "missing_lines": [], "excluded_lines": [], "functions": {"": {"executed_lines": [3, 5], "summary": {"covered_lines": 2, "num_statements": 2, "percent_covered": 100.0, "percent_covered_display": "100", "missing_lines": 0, "excluded_lines": 0, "percent_statements_covered": 100.0, "percent_statements_covered_display": "100"}, "missing_lines": [], "excluded_lines": [], "start_line": 1}}, "classes": {"": {"executed_lines": [3, 5], "summary": {"covered_lines": 2, "num_statements": 2, "percent_covered": 100.0, "percent_covered_display": "100", "missing_lines": 0, "excluded_lines": 0, "percent_statements_covered": 100.0, "percent_statements_covered_display": "100"}, "missing_lines": [], "excluded_lines": [], "start_line": 1}}}, "src\\antigravity_mcp\\__main__.py": {"executed_lines": [1, 3, 4], "summary": {"covered_lines": 3, "num_statements": 3, "percent_covered": 100.0, "percent_covered_display": "100", "missing_lines": 0, "excluded_lines": 0, "percent_statements_covered": 100.0, "percent_statements_covered_display": "100"}, "missing_lines": [], "excluded_lines": [], "functions": {"": {"executed_lines": [1, 3, 4], "summary": {"covered_lines": 3, "num_statements": 3, "percent_covered": 100.0, "percent_covered_display": "100", "missing_lines": 0, "excluded_lines": 0, "percent_statements_covered": 100.0, "percent_statements_covered_display": "100"}, "missing_lines": [], "excluded_lines": [], "start_line": 1}}, "classes": {"": {"executed_lines": [1, 3, 4], "summary": {"covered_lines": 3, "num_statements": 3, "percent_covered": 100.0, "percent_covered_display": "100", "missing_lines": 0, "excluded_lines": 0, "percent_statements_covered": 100.0, "percent_statements_covered_display": "100"}, "missing_lines": [], "excluded_lines": [], "start_line": 1}}}, "src\\antigravity_mcp\\cli.py": {"executed_lines": [1, 3, 4, 5, 7, 8, 9, 15, 16, 17, 19, 21, 22, 24, 25, 26, 27, 29, 30, 31, 32, 34, 35, 37, 39, 40, 42, 43, 44, 45, 47, 50, 51, 56, 57, 58, 61, 62, 67, 68, 71, 72, 73, 75, 76, 78, 79, 80, 81, 82, 83, 84, 85], "summary": {"covered_lines": 53, "num_statements": 55, "percent_covered": 96.36363636363636, "percent_covered_display": "96", "missing_lines": 2, "excluded_lines": 0, "percent_statements_covered": 96.36363636363636, "percent_statements_covered_display": "96"}, "missing_lines": [86, 87], "excluded_lines": [], "functions": {"build_parser": {"executed_lines": [16, 17, 19, 21, 22, 24, 25, 26, 27, 29, 30, 31, 32, 34, 35, 37, 39, 40, 42, 43, 44, 45, 47], "summary": {"covered_lines": 23, "num_statements": 23, "percent_covered": 100.0, "percent_covered_display": "100", "missing_lines": 0, "excluded_lines": 0, "percent_statements_covered": 100.0, "percent_statements_covered_display": "100"}, "missing_lines": [], "excluded_lines": [], "start_line": 15}, "_run_jobs_generate_brief": {"executed_lines": [51, 56, 57, 58], "summary": {"covered_lines": 4, "num_statements": 4, "percent_covered": 100.0, "percent_covered_display": "100", "missing_lines": 0, "excluded_lines": 0, "percent_statements_covered": 100.0, "percent_statements_covered_display": "100"}, "missing_lines": [], "excluded_lines": [], "start_line": 50}, "_run_jobs_publish_report": {"executed_lines": [62, 67, 68], "summary": {"covered_lines": 3, "num_statements": 3, "percent_covered": 100.0, "percent_covered_display": "100", "missing_lines": 0, "excluded_lines": 0, "percent_statements_covered": 100.0, "percent_statements_covered_display": "100"}, "missing_lines": [], "excluded_lines": [], "start_line": 61}, "main": {"executed_lines": [72, 73, 75, 76, 78, 79, 80, 81, 82, 83, 84, 85], "summary": {"covered_lines": 12, "num_statements": 14, "percent_covered": 85.71428571428571, "percent_covered_display": "86", "missing_lines": 2, "excluded_lines": 0, "percent_statements_covered": 85.71428571428571, "percent_statements_covered_display": "86"}, "missing_lines": [86, 87], "excluded_lines": [], "start_line": 71}, "": {"executed_lines": [1, 3, 4, 5, 7, 8, 9, 15, 50, 61, 71], "summary": {"covered_lines": 11, "num_statements": 11, "percent_covered": 100.0, "percent_covered_display": "100", "missing_lines": 0, "excluded_lines": 0, "percent_statements_covered": 100.0, "percent_statements_covered_display": "100"}, "missing_lines": [], "excluded_lines": [], "start_line": 1}}, "classes": {"": {"executed_lines": [1, 3, 4, 5, 7, 8, 9, 15, 16, 17, 19, 21, 22, 24, 25, 26, 27, 29, 30, 31, 32, 34, 35, 37, 39, 40, 42, 43, 44, 45, 47, 50, 51, 56, 57, 58, 61, 62, 67, 68, 71, 72, 73, 75, 76, 78, 79, 80, 81, 82, 83, 84, 85], "summary": {"covered_lines": 53, "num_statements": 55, "percent_covered": 96.36363636363636, "percent_covered_display": "96", "missing_lines": 2, "excluded_lines": 0, "percent_statements_covered": 96.36363636363636, "percent_statements_covered_display": "96"}, "missing_lines": [86, 87], "excluded_lines": [], "start_line": 1}}}, "src\\antigravity_mcp\\cli_ops.py": {"executed_lines": [1, 3, 4, 5, 6, 8, 9, 10, 11, 14, 15, 16, 17, 19, 20, 21, 22, 28, 29, 32, 33, 35, 36, 37, 38, 39, 53, 54, 55, 56, 61, 62, 63, 64, 69, 70, 71, 72, 73, 74, 76, 77, 81, 82, 87, 88, 89, 92, 93, 94, 95, 96, 97, 98, 99], "summary": {"covered_lines": 55, "num_statements": 56, "percent_covered": 98.21428571428571, "percent_covered_display": "98", "missing_lines": 1, "excluded_lines": 0, "percent_statements_covered": 98.21428571428571, "percent_statements_covered_display": "98"}, "missing_lines": [78], "excluded_lines": [], "functions": {"run_ops_refresh_dashboard": {"executed_lines": [15, 16, 17, 19, 20, 21, 22, 28, 29], "summary": {"covered_lines": 9, "num_statements": 9, "percent_covered": 100.0, "percent_covered_display": "100", "missing_lines": 0, "excluded_lines": 0, "percent_statements_covered": 100.0, "percent_statements_covered_display": "100"}, "missing_lines": [], "excluded_lines": [], "start_line": 14}, "run_ops_replay": {"executed_lines": [33, 35, 36, 37, 38, 39, 53, 54, 55, 56, 61, 62, 63, 64, 69, 70, 71, 72, 73, 74, 76, 77], "summary": {"covered_lines": 22, "num_statements": 23, "percent_covered": 95.65217391304348, "percent_covered_display": "96", "missing_lines": 1, "excluded_lines": 0, "percent_statements_covered": 95.65217391304348, "percent_statements_covered_display": "96"}, "missing_lines": [78], "excluded_lines": [], "start_line": 32}, "run_ops_frozen_eval": {"executed_lines": [82, 87, 88, 89], "summary": {"covered_lines": 4, "num_statements": 4, "percent_covered": 100.0, "percent_covered_display": "100", "missing_lines": 0, "excluded_lines": 0, "percent_statements_covered": 100.0, "percent_statements_covered_display": "100"}, "missing_lines": [], "excluded_lines": [], "start_line": 81}, "dispatch_ops_command": {"executed_lines": [93, 94, 95, 96, 97, 98, 99], "summary": {"covered_lines": 7, "num_statements": 7, "percent_covered": 100.0, "percent_covered_display": "100", "missing_lines": 0, "excluded_lines": 0, "percent_statements_covered": 100.0, "percent_statements_covered_display": "100"}, "missing_lines": [], "excluded_lines": [], "start_line": 92}, "": {"executed_lines": [1, 3, 4, 5, 6, 8, 9, 10, 11, 14, 32, 81, 92], "summary": {"covered_lines": 13, "num_statements": 13, "percent_covered": 100.0, "percent_covered_display": "100", "missing_lines": 0, "excluded_lines": 0, "percent_statements_covered": 100.0, "percent_statements_covered_display": "100"}, "missing_lines": [], "excluded_lines": [], "start_line": 1}}, "classes": {"": {"executed_lines": [1, 3, 4, 5, 6, 8, 9, 10, 11, 14, 15, 16, 17, 19, 20, 21, 22, 28, 29, 32, 33, 35, 36, 37, 38, 39, 53, 54, 55, 56, 61, 62, 63, 64, 69, 70, 71, 72, 73, 74, 76, 77, 81, 82, 87, 88, 89, 92, 93, 94, 95, 96, 97, 98, 99], "summary": {"covered_lines": 55, "num_statements": 56, "percent_covered": 98.21428571428571, "percent_covered_display": "98", "missing_lines": 1, "excluded_lines": 0, "percent_statements_covered": 98.21428571428571, "percent_statements_covered_display": "98"}, "missing_lines": [78], "excluded_lines": [], "start_line": 1}}}, "src\\antigravity_mcp\\config.py": {"executed_lines": [1, 3, 4, 5, 6, 7, 8, 10, 11, 15, 16, 17, 18, 19, 20, 21, 22, 23, 25, 26, 31, 32, 35, 36, 37, 38, 39, 40, 43, 44, 45, 46, 53, 54, 55, 56, 60, 61, 62, 63, 64, 65, 68, 69, 72, 80, 81, 82, 83, 84, 85, 86, 87, 88, 89, 90, 91, 92, 93, 94, 95, 96, 97, 98, 99, 100, 101, 102, 103, 104, 105, 106, 107, 108, 109, 110, 111, 112, 113, 114, 115, 116, 117, 118, 119, 121, 122, 123, 125, 126, 129, 130, 131, 133, 134, 137, 168, 194, 195, 196, 198, 201, 206, 207, 209, 212, 213, 214, 219, 222, 225, 226, 228, 231, 232, 233, 238, 241, 244, 245, 246, 247, 251, 252, 254, 255, 256, 257, 258, 259, 260, 261, 262, 263, 264, 265, 266, 267, 268, 270, 312, 315, 317, 339, 351, 352, 355], "summary": {"covered_lines": 147, "num_statements": 213, "percent_covered": 69.01408450704226, "percent_covered_display": "69", "missing_lines": 66, "excluded_lines": 0, "percent_statements_covered": 69.01408450704226, "percent_statements_covered_display": "69"}, "missing_lines": [12, 13, 27, 29, 47, 48, 49, 50, 57, 66, 67, 73, 74, 75, 76, 77, 127, 135, 139, 141, 142, 144, 145, 147, 148, 149, 150, 151, 152, 154, 155, 156, 157, 158, 159, 160, 162, 163, 164, 165, 166, 169, 318, 325, 327, 328, 329, 330, 331, 333, 334, 335, 336, 357, 358, 361, 364, 365, 366, 368, 371, 372, 373, 374, 375, 377], "excluded_lines": [], "functions": {"_first_non_empty": {"executed_lines": [36, 37, 38, 39, 40], "summary": {"covered_lines": 5, "num_statements": 5, "percent_covered": 100.0, "percent_covered_display": "100", "missing_lines": 0, "excluded_lines": 0, "percent_statements_covered": 100.0, "percent_statements_covered_display": "100"}, "missing_lines": [], "excluded_lines": [], "start_line": 35}, "_env_int": {"executed_lines": [44, 45, 46], "summary": {"covered_lines": 3, "num_statements": 7, "percent_covered": 42.857142857142854, "percent_covered_display": "43", "missing_lines": 4, "excluded_lines": 0, "percent_statements_covered": 42.857142857142854, "percent_statements_covered_display": "43"}, "missing_lines": [47, 48, 49, 50], "excluded_lines": [], "start_line": 43}, "_env_bool": {"executed_lines": [54, 55, 56], "summary": {"covered_lines": 3, "num_statements": 4, "percent_covered": 75.0, "percent_covered_display": "75", "missing_lines": 1, "excluded_lines": 0, "percent_statements_covered": 75.0, "percent_statements_covered_display": "75"}, "missing_lines": [57], "excluded_lines": [], "start_line": 53}, "_load_dashboard_page_id_from_config": {"executed_lines": [61, 62, 63, 64, 65, 68, 69], "summary": {"covered_lines": 7, "num_statements": 9, "percent_covered": 77.77777777777777, "percent_covered_display": "78", "missing_lines": 2, "excluded_lines": 0, "percent_statements_covered": 77.77777777777777, "percent_statements_covered_display": "78"}, "missing_lines": [66, 67], "excluded_lines": [], "start_line": 60}, "_mask_secret": {"executed_lines": [], "summary": {"covered_lines": 0, "num_statements": 5, "percent_covered": 0.0, "percent_covered_display": "0", "missing_lines": 5, "excluded_lines": 0, "percent_statements_covered": 0.0, "percent_statements_covered_display": "0"}, "missing_lines": [73, 74, 75, 76, 77], "excluded_lines": [], "start_line": 72}, "AppSettings.pipeline_state_db": {"executed_lines": [123], "summary": {"covered_lines": 1, "num_statements": 1, "percent_covered": 100.0, "percent_covered_display": "100", "missing_lines": 0, "excluded_lines": 0, "percent_statements_covered": 100.0, "percent_statements_covered_display": "100"}, "missing_lines": [], "excluded_lines": [], "start_line": 122}, "AppSettings.analytics_db": {"executed_lines": [], "summary": {"covered_lines": 0, "num_statements": 1, "percent_covered": 0.0, "percent_covered_display": "0", "missing_lines": 1, "excluded_lines": 0, "percent_statements_covered": 0.0, "percent_statements_covered_display": "0"}, "missing_lines": [127], "excluded_lines": [], "start_line": 126}, "AppSettings.news_sources_file": {"executed_lines": [131], "summary": {"covered_lines": 1, "num_statements": 1, "percent_covered": 100.0, "percent_covered_display": "100", "missing_lines": 0, "excluded_lines": 0, "percent_statements_covered": 100.0, "percent_statements_covered_display": "100"}, "missing_lines": [], "excluded_lines": [], "start_line": 130}, "AppSettings.channels_file": {"executed_lines": [], "summary": {"covered_lines": 0, "num_statements": 1, "percent_covered": 0.0, "percent_covered_display": "0", "missing_lines": 1, "excluded_lines": 0, "percent_statements_covered": 0.0, "percent_statements_covered_display": "0"}, "missing_lines": [135], "excluded_lines": [], "start_line": 134}, "AppSettings.validate": {"executed_lines": [], "summary": {"covered_lines": 0, "num_statements": 23, "percent_covered": 0.0, "percent_covered_display": "0", "missing_lines": 23, "excluded_lines": 0, "percent_statements_covered": 0.0, "percent_statements_covered_display": "0"}, "missing_lines": [139, 141, 142, 144, 145, 147, 148, 149, 150, 151, 152, 154, 155, 156, 157, 158, 159, 160, 162, 163, 164, 165, 166], "excluded_lines": [], "start_line": 137}, "AppSettings.public_summary": {"executed_lines": [], "summary": {"covered_lines": 0, "num_statements": 1, "percent_covered": 0.0, "percent_covered_display": "0", "missing_lines": 1, "excluded_lines": 0, "percent_statements_covered": 0.0, "percent_statements_covered_display": "0"}, "missing_lines": [169], "excluded_lines": [], "start_line": 168}, "get_settings": {"executed_lines": [196, 198, 201, 206, 207, 209, 212, 213, 214, 219, 222, 225, 226, 228, 231, 232, 233, 238, 241, 244, 245, 246, 247, 251, 252, 254, 255, 256, 257, 258, 259, 260, 261, 262, 263, 264, 265, 266, 267, 268, 270], "summary": {"covered_lines": 41, "num_statements": 41, "percent_covered": 100.0, "percent_covered_display": "100", "missing_lines": 0, "excluded_lines": 0, "percent_statements_covered": 100.0, "percent_statements_covered_display": "100"}, "missing_lines": [], "excluded_lines": [], "start_line": 195}, "_JsonlFormatter.format": {"executed_lines": [], "summary": {"covered_lines": 0, "num_statements": 11, "percent_covered": 0.0, "percent_covered_display": "0", "missing_lines": 11, "excluded_lines": 0, "percent_statements_covered": 0.0, "percent_statements_covered_display": "0"}, "missing_lines": [318, 325, 327, 328, 329, 330, 331, 333, 334, 335, 336], "excluded_lines": [], "start_line": 317}, "emit_metric": {"executed_lines": [351, 352], "summary": {"covered_lines": 2, "num_statements": 2, "percent_covered": 100.0, "percent_covered_display": "100", "missing_lines": 0, "excluded_lines": 0, "percent_statements_covered": 100.0, "percent_statements_covered_display": "100"}, "missing_lines": [], "excluded_lines": [], "start_line": 339}, "configure_logging": {"executed_lines": [], "summary": {"covered_lines": 0, "num_statements": 13, "percent_covered": 0.0, "percent_covered_display": "0", "missing_lines": 13, "excluded_lines": 0, "percent_statements_covered": 0.0, "percent_statements_covered_display": "0"}, "missing_lines": [357, 358, 361, 364, 365, 366, 368, 371, 372, 373, 374, 375, 377], "excluded_lines": [], "start_line": 355}, "": {"executed_lines": [1, 3, 4, 5, 6, 7, 8, 10, 11, 15, 16, 17, 18, 19, 20, 21, 22, 23, 25, 26, 31, 32, 35, 43, 53, 60, 72, 80, 81, 82, 83, 84, 85, 86, 87, 88, 89, 90, 91, 92, 93, 94, 95, 96, 97, 98, 99, 100, 101, 102, 103, 104, 105, 106, 107, 108, 109, 110, 111, 112, 113, 114, 115, 116, 117, 118, 119, 121, 122, 125, 126, 129, 130, 133, 134, 137, 168, 194, 195, 312, 315, 317, 339, 355], "summary": {"covered_lines": 84, "num_statements": 88, "percent_covered": 95.45454545454545, "percent_covered_display": "95", "missing_lines": 4, "excluded_lines": 0, "percent_statements_covered": 95.45454545454545, "percent_statements_covered_display": "95"}, "missing_lines": [12, 13, 27, 29], "excluded_lines": [], "start_line": 1}}, "classes": {"AppSettings": {"executed_lines": [123, 131], "summary": {"covered_lines": 2, "num_statements": 28, "percent_covered": 7.142857142857143, "percent_covered_display": "7", "missing_lines": 26, "excluded_lines": 0, "percent_statements_covered": 7.142857142857143, "percent_statements_covered_display": "7"}, "missing_lines": [127, 135, 139, 141, 142, 144, 145, 147, 148, 149, 150, 151, 152, 154, 155, 156, 157, 158, 159, 160, 162, 163, 164, 165, 166, 169], "excluded_lines": [], "start_line": 81}, "_JsonlFormatter": {"executed_lines": [], "summary": {"covered_lines": 0, "num_statements": 11, "percent_covered": 0.0, "percent_covered_display": "0", "missing_lines": 11, "excluded_lines": 0, "percent_statements_covered": 0.0, "percent_statements_covered_display": "0"}, "missing_lines": [318, 325, 327, 328, 329, 330, 331, 333, 334, 335, 336], "excluded_lines": [], "start_line": 312}, "": {"executed_lines": [1, 3, 4, 5, 6, 7, 8, 10, 11, 15, 16, 17, 18, 19, 20, 21, 22, 23, 25, 26, 31, 32, 35, 36, 37, 38, 39, 40, 43, 44, 45, 46, 53, 54, 55, 56, 60, 61, 62, 63, 64, 65, 68, 69, 72, 80, 81, 82, 83, 84, 85, 86, 87, 88, 89, 90, 91, 92, 93, 94, 95, 96, 97, 98, 99, 100, 101, 102, 103, 104, 105, 106, 107, 108, 109, 110, 111, 112, 113, 114, 115, 116, 117, 118, 119, 121, 122, 125, 126, 129, 130, 133, 134, 137, 168, 194, 195, 196, 198, 201, 206, 207, 209, 212, 213, 214, 219, 222, 225, 226, 228, 231, 232, 233, 238, 241, 244, 245, 246, 247, 251, 252, 254, 255, 256, 257, 258, 259, 260, 261, 262, 263, 264, 265, 266, 267, 268, 270, 312, 315, 317, 339, 351, 352, 355], "summary": {"covered_lines": 145, "num_statements": 174, "percent_covered": 83.33333333333333, "percent_covered_display": "83", "missing_lines": 29, "excluded_lines": 0, "percent_statements_covered": 83.33333333333333, "percent_statements_covered_display": "83"}, "missing_lines": [12, 13, 27, 29, 47, 48, 49, 50, 57, 66, 67, 73, 74, 75, 76, 77, 357, 358, 361, 364, 365, 366, 368, 371, 372, 373, 374, 375, 377], "excluded_lines": [], "start_line": 1}}}, "src\\antigravity_mcp\\domain\\__init__.py": {"executed_lines": [], "summary": {"covered_lines": 0, "num_statements": 0, "percent_covered": 100.0, "percent_covered_display": "100", "missing_lines": 0, "excluded_lines": 0, "percent_statements_covered": 100.0, "percent_statements_covered_display": "100"}, "missing_lines": [], "excluded_lines": [], "functions": {"": {"executed_lines": [], "summary": {"covered_lines": 0, "num_statements": 0, "percent_covered": 100.0, "percent_covered_display": "100", "missing_lines": 0, "excluded_lines": 0, "percent_statements_covered": 100.0, "percent_statements_covered_display": "100"}, "missing_lines": [], "excluded_lines": [], "start_line": 1}}, "classes": {"": {"executed_lines": [], "summary": {"covered_lines": 0, "num_statements": 0, "percent_covered": 100.0, "percent_covered_display": "100", "missing_lines": 0, "excluded_lines": 0, "percent_statements_covered": 100.0, "percent_statements_covered_display": "100"}, "missing_lines": [], "excluded_lines": [], "start_line": 1}}}, "src\\antigravity_mcp\\domain\\markdown_blocks.py": {"executed_lines": [1, 3, 6, 7, 10, 11, 12, 13, 14, 16, 25, 26, 33, 34, 35, 42, 43, 44, 51, 52, 53, 60, 61, 68, 71, 72, 73, 74, 75, 76, 77, 78, 80, 82, 83, 84, 86], "summary": {"covered_lines": 37, "num_statements": 43, "percent_covered": 86.04651162790698, "percent_covered_display": "86", "missing_lines": 6, "excluded_lines": 0, "percent_statements_covered": 86.04651162790698, "percent_statements_covered_display": "86"}, "missing_lines": [15, 17, 24, 79, 81, 85], "excluded_lines": [], "functions": {"_rich_text": {"executed_lines": [7], "summary": {"covered_lines": 1, "num_statements": 1, "percent_covered": 100.0, "percent_covered_display": "100", "missing_lines": 0, "excluded_lines": 0, "percent_statements_covered": 100.0, "percent_statements_covered_display": "100"}, "missing_lines": [], "excluded_lines": [], "start_line": 6}, "markdown_to_blocks": {"executed_lines": [11, 12, 13, 14, 16, 25, 26, 33, 34, 35, 42, 43, 44, 51, 52, 53, 60, 61, 68], "summary": {"covered_lines": 19, "num_statements": 22, "percent_covered": 86.36363636363636, "percent_covered_display": "86", "missing_lines": 3, "excluded_lines": 0, "percent_statements_covered": 86.36363636363636, "percent_statements_covered_display": "86"}, "missing_lines": [15, 17, 24], "excluded_lines": [], "start_line": 10}, "block_to_text": {"executed_lines": [72, 73, 74, 75, 76, 77, 78, 80, 82, 83, 84, 86], "summary": {"covered_lines": 12, "num_statements": 15, "percent_covered": 80.0, "percent_covered_display": "80", "missing_lines": 3, "excluded_lines": 0, "percent_statements_covered": 80.0, "percent_statements_covered_display": "80"}, "missing_lines": [79, 81, 85], "excluded_lines": [], "start_line": 71}, "": {"executed_lines": [1, 3, 6, 10, 71], "summary": {"covered_lines": 5, "num_statements": 5, "percent_covered": 100.0, "percent_covered_display": "100", "missing_lines": 0, "excluded_lines": 0, "percent_statements_covered": 100.0, "percent_statements_covered_display": "100"}, "missing_lines": [], "excluded_lines": [], "start_line": 1}}, "classes": {"": {"executed_lines": [1, 3, 6, 7, 10, 11, 12, 13, 14, 16, 25, 26, 33, 34, 35, 42, 43, 44, 51, 52, 53, 60, 61, 68, 71, 72, 73, 74, 75, 76, 77, 78, 80, 82, 83, 84, 86], "summary": {"covered_lines": 37, "num_statements": 43, "percent_covered": 86.04651162790698, "percent_covered_display": "86", "missing_lines": 6, "excluded_lines": 0, "percent_statements_covered": 86.04651162790698, "percent_statements_covered_display": "86"}, "missing_lines": [15, 17, 24, 79, 81, 85], "excluded_lines": [], "start_line": 1}}}, "src\\antigravity_mcp\\domain\\models.py": {"executed_lines": [1, 3, 4, 7, 8, 9, 10, 11, 12, 13, 15, 16, 19, 20, 21, 22, 23, 24, 25, 26, 27, 29, 33, 34, 35, 36, 37, 38, 39, 40, 42, 43, 46, 47, 48, 49, 50, 51, 52, 53, 55, 60, 61, 63, 66, 67, 70, 71, 72, 73, 74, 75, 76, 77, 78, 79, 80, 81, 82, 83, 84, 85, 86, 87, 88, 89, 90, 91, 92, 94, 95, 97, 98, 100, 101, 102, 103, 105, 106, 107, 108, 111, 112, 113, 114, 115, 116, 117, 118, 119, 120, 121, 123, 124, 127, 128, 131, 132, 133, 134, 135, 136, 137, 139, 143, 144, 147, 148, 149, 150, 151, 152, 153, 155, 159, 160, 163, 164, 165, 166, 167, 168, 170], "summary": {"covered_lines": 123, "num_statements": 131, "percent_covered": 93.89312977099236, "percent_covered_display": "94", "missing_lines": 8, "excluded_lines": 0, "percent_statements_covered": 93.89312977099236, "percent_statements_covered_display": "94"}, "missing_lines": [30, 56, 57, 58, 64, 140, 156, 171], "excluded_lines": [], "functions": {"PageSummary.to_dict": {"executed_lines": [16], "summary": {"covered_lines": 1, "num_statements": 1, "percent_covered": 100.0, "percent_covered_display": "100", "missing_lines": 0, "excluded_lines": 0, "percent_statements_covered": 100.0, "percent_statements_covered_display": "100"}, "missing_lines": [], "excluded_lines": [], "start_line": 15}, "ContentItem.to_dict": {"executed_lines": [], "summary": {"covered_lines": 0, "num_statements": 1, "percent_covered": 0.0, "percent_covered_display": "0", "missing_lines": 1, "excluded_lines": 0, "percent_statements_covered": 0.0, "percent_statements_covered_display": "0"}, "missing_lines": [30], "excluded_lines": [], "start_line": 29}, "ChannelDraft.to_dict": {"executed_lines": [43], "summary": {"covered_lines": 1, "num_statements": 1, "percent_covered": 100.0, "percent_covered_display": "100", "missing_lines": 0, "excluded_lines": 0, "percent_statements_covered": 100.0, "percent_statements_covered_display": "100"}, "missing_lines": [], "excluded_lines": [], "start_line": 42}, "GeneratedPayload.to_dict": {"executed_lines": [], "summary": {"covered_lines": 0, "num_statements": 3, "percent_covered": 0.0, "percent_covered_display": "0", "missing_lines": 3, "excluded_lines": 0, "percent_statements_covered": 0.0, "percent_statements_covered_display": "0"}, "missing_lines": [56, 57, 58], "excluded_lines": [], "start_line": 55}, "GeneratedPayload.as_legacy_tuple": {"executed_lines": [61], "summary": {"covered_lines": 1, "num_statements": 1, "percent_covered": 100.0, "percent_covered_display": "100", "missing_lines": 0, "excluded_lines": 0, "percent_statements_covered": 100.0, "percent_statements_covered_display": "100"}, "missing_lines": [], "excluded_lines": [], "start_line": 60}, "GeneratedPayload.__iter__": {"executed_lines": [], "summary": {"covered_lines": 0, "num_statements": 1, "percent_covered": 0.0, "percent_covered_display": "0", "missing_lines": 1, "excluded_lines": 0, "percent_statements_covered": 0.0, "percent_statements_covered_display": "0"}, "missing_lines": [64], "excluded_lines": [], "start_line": 63}, "GeneratedPayload.__getitem__": {"executed_lines": [67], "summary": {"covered_lines": 1, "num_statements": 1, "percent_covered": 100.0, "percent_covered_display": "100", "missing_lines": 0, "excluded_lines": 0, "percent_statements_covered": 100.0, "percent_statements_covered_display": "100"}, "missing_lines": [], "excluded_lines": [], "start_line": 66}, "ContentReport.has_notion_sync": {"executed_lines": [95], "summary": {"covered_lines": 1, "num_statements": 1, "percent_covered": 100.0, "percent_covered_display": "100", "missing_lines": 0, "excluded_lines": 0, "percent_statements_covered": 100.0, "percent_statements_covered_display": "100"}, "missing_lines": [], "excluded_lines": [], "start_line": 94}, "ContentReport.delivery_state": {"executed_lines": [100, 101, 102, 103], "summary": {"covered_lines": 4, "num_statements": 4, "percent_covered": 100.0, "percent_covered_display": "100", "missing_lines": 0, "excluded_lines": 0, "percent_statements_covered": 100.0, "percent_statements_covered_display": "100"}, "missing_lines": [], "excluded_lines": [], "start_line": 98}, "ContentReport.to_dict": {"executed_lines": [106, 107, 108], "summary": {"covered_lines": 3, "num_statements": 3, "percent_covered": 100.0, "percent_covered_display": "100", "missing_lines": 0, "excluded_lines": 0, "percent_statements_covered": 100.0, "percent_statements_covered_display": "100"}, "missing_lines": [], "excluded_lines": [], "start_line": 105}, "PipelineRun.to_dict": {"executed_lines": [124], "summary": {"covered_lines": 1, "num_statements": 1, "percent_covered": 100.0, "percent_covered_display": "100", "missing_lines": 0, "excluded_lines": 0, "percent_statements_covered": 100.0, "percent_statements_covered_display": "100"}, "missing_lines": [], "excluded_lines": [], "start_line": 123}, "FactFragment.to_dict": {"executed_lines": [], "summary": {"covered_lines": 0, "num_statements": 1, "percent_covered": 0.0, "percent_covered_display": "0", "missing_lines": 1, "excluded_lines": 0, "percent_statements_covered": 0.0, "percent_statements_covered_display": "0"}, "missing_lines": [140], "excluded_lines": [], "start_line": 139}, "Hypothesis.to_dict": {"executed_lines": [], "summary": {"covered_lines": 0, "num_statements": 1, "percent_covered": 0.0, "percent_covered_display": "0", "missing_lines": 1, "excluded_lines": 0, "percent_statements_covered": 0.0, "percent_statements_covered_display": "0"}, "missing_lines": [156], "excluded_lines": [], "start_line": 155}, "DigestEntry.to_dict": {"executed_lines": [], "summary": {"covered_lines": 0, "num_statements": 1, "percent_covered": 0.0, "percent_covered_display": "0", "missing_lines": 1, "excluded_lines": 0, "percent_statements_covered": 0.0, "percent_statements_covered_display": "0"}, "missing_lines": [171], "excluded_lines": [], "start_line": 170}, "": {"executed_lines": [1, 3, 4, 7, 8, 9, 10, 11, 12, 13, 15, 19, 20, 21, 22, 23, 24, 25, 26, 27, 29, 33, 34, 35, 36, 37, 38, 39, 40, 42, 46, 47, 48, 49, 50, 51, 52, 53, 55, 60, 63, 66, 70, 71, 72, 73, 74, 75, 76, 77, 78, 79, 80, 81, 82, 83, 84, 85, 86, 87, 88, 89, 90, 91, 92, 94, 97, 98, 105, 111, 112, 113, 114, 115, 116, 117, 118, 119, 120, 121, 123, 127, 128, 131, 132, 133, 134, 135, 136, 137, 139, 143, 144, 147, 148, 149, 150, 151, 152, 153, 155, 159, 160, 163, 164, 165, 166, 167, 168, 170], "summary": {"covered_lines": 110, "num_statements": 110, "percent_covered": 100.0, "percent_covered_display": "100", "missing_lines": 0, "excluded_lines": 0, "percent_statements_covered": 100.0, "percent_statements_covered_display": "100"}, "missing_lines": [], "excluded_lines": [], "start_line": 1}}, "classes": {"PageSummary": {"executed_lines": [16], "summary": {"covered_lines": 1, "num_statements": 1, "percent_covered": 100.0, "percent_covered_display": "100", "missing_lines": 0, "excluded_lines": 0, "percent_statements_covered": 100.0, "percent_statements_covered_display": "100"}, "missing_lines": [], "excluded_lines": [], "start_line": 8}, "ContentItem": {"executed_lines": [], "summary": {"covered_lines": 0, "num_statements": 1, "percent_covered": 0.0, "percent_covered_display": "0", "missing_lines": 1, "excluded_lines": 0, "percent_statements_covered": 0.0, "percent_statements_covered_display": "0"}, "missing_lines": [30], "excluded_lines": [], "start_line": 20}, "ChannelDraft": {"executed_lines": [43], "summary": {"covered_lines": 1, "num_statements": 1, "percent_covered": 100.0, "percent_covered_display": "100", "missing_lines": 0, "excluded_lines": 0, "percent_statements_covered": 100.0, "percent_statements_covered_display": "100"}, "missing_lines": [], "excluded_lines": [], "start_line": 34}, "GeneratedPayload": {"executed_lines": [61, 67], "summary": {"covered_lines": 2, "num_statements": 6, "percent_covered": 33.333333333333336, "percent_covered_display": "33", "missing_lines": 4, "excluded_lines": 0, "percent_statements_covered": 33.333333333333336, "percent_statements_covered_display": "33"}, "missing_lines": [56, 57, 58, 64], "excluded_lines": [], "start_line": 47}, "ContentReport": {"executed_lines": [95, 100, 101, 102, 103, 106, 107, 108], "summary": {"covered_lines": 8, "num_statements": 8, "percent_covered": 100.0, "percent_covered_display": "100", "missing_lines": 0, "excluded_lines": 0, "percent_statements_covered": 100.0, "percent_statements_covered_display": "100"}, "missing_lines": [], "excluded_lines": [], "start_line": 71}, "PipelineRun": {"executed_lines": [124], "summary": {"covered_lines": 1, "num_statements": 1, "percent_covered": 100.0, "percent_covered_display": "100", "missing_lines": 0, "excluded_lines": 0, "percent_statements_covered": 100.0, "percent_statements_covered_display": "100"}, "missing_lines": [], "excluded_lines": [], "start_line": 112}, "FactFragment": {"executed_lines": [], "summary": {"covered_lines": 0, "num_statements": 1, "percent_covered": 0.0, "percent_covered_display": "0", "missing_lines": 1, "excluded_lines": 0, "percent_statements_covered": 0.0, "percent_statements_covered_display": "0"}, "missing_lines": [140], "excluded_lines": [], "start_line": 128}, "Hypothesis": {"executed_lines": [], "summary": {"covered_lines": 0, "num_statements": 1, "percent_covered": 0.0, "percent_covered_display": "0", "missing_lines": 1, "excluded_lines": 0, "percent_statements_covered": 0.0, "percent_statements_covered_display": "0"}, "missing_lines": [156], "excluded_lines": [], "start_line": 144}, "DigestEntry": {"executed_lines": [], "summary": {"covered_lines": 0, "num_statements": 1, "percent_covered": 0.0, "percent_covered_display": "0", "missing_lines": 1, "excluded_lines": 0, "percent_statements_covered": 0.0, "percent_statements_covered_display": "0"}, "missing_lines": [171], "excluded_lines": [], "start_line": 160}, "": {"executed_lines": [1, 3, 4, 7, 8, 9, 10, 11, 12, 13, 15, 19, 20, 21, 22, 23, 24, 25, 26, 27, 29, 33, 34, 35, 36, 37, 38, 39, 40, 42, 46, 47, 48, 49, 50, 51, 52, 53, 55, 60, 63, 66, 70, 71, 72, 73, 74, 75, 76, 77, 78, 79, 80, 81, 82, 83, 84, 85, 86, 87, 88, 89, 90, 91, 92, 94, 97, 98, 105, 111, 112, 113, 114, 115, 116, 117, 118, 119, 120, 121, 123, 127, 128, 131, 132, 133, 134, 135, 136, 137, 139, 143, 144, 147, 148, 149, 150, 151, 152, 153, 155, 159, 160, 163, 164, 165, 166, 167, 168, 170], "summary": {"covered_lines": 110, "num_statements": 110, "percent_covered": 100.0, "percent_covered_display": "100", "missing_lines": 0, "excluded_lines": 0, "percent_statements_covered": 100.0, "percent_statements_covered_display": "100"}, "missing_lines": [], "excluded_lines": [], "start_line": 1}}}, "src\\antigravity_mcp\\evals\\__init__.py": {"executed_lines": [], "summary": {"covered_lines": 0, "num_statements": 0, "percent_covered": 100.0, "percent_covered_display": "100", "missing_lines": 0, "excluded_lines": 0, "percent_statements_covered": 100.0, "percent_statements_covered_display": "100"}, "missing_lines": [], "excluded_lines": [], "functions": {"": {"executed_lines": [], "summary": {"covered_lines": 0, "num_statements": 0, "percent_covered": 100.0, "percent_covered_display": "100", "missing_lines": 0, "excluded_lines": 0, "percent_statements_covered": 100.0, "percent_statements_covered_display": "100"}, "missing_lines": [], "excluded_lines": [], "start_line": 1}}, "classes": {"": {"executed_lines": [], "summary": {"covered_lines": 0, "num_statements": 0, "percent_covered": 100.0, "percent_covered_display": "100", "missing_lines": 0, "excluded_lines": 0, "percent_statements_covered": 100.0, "percent_statements_covered_display": "100"}, "missing_lines": [], "excluded_lines": [], "start_line": 1}}}, "src\\antigravity_mcp\\evals\\frozen_eval.py": {"executed_lines": [1, 3, 4, 5, 7, 8, 13, 18, 19, 20, 21, 22, 24, 33, 34, 36, 37, 39, 42, 48, 49, 50, 55, 63, 64, 65, 66, 67, 70, 72, 73, 74, 75, 77, 78, 79, 80, 82, 83, 84, 85, 95, 98, 108, 110, 111, 112, 115, 116, 119, 121, 124, 138, 139, 140], "summary": {"covered_lines": 55, "num_statements": 64, "percent_covered": 85.9375, "percent_covered_display": "86", "missing_lines": 9, "excluded_lines": 0, "percent_statements_covered": 85.9375, "percent_statements_covered_display": "86"}, "missing_lines": [35, 38, 43, 44, 45, 51, 52, 120, 122], "excluded_lines": [], "functions": {"_resolve_path": {"executed_lines": [34, 36, 37, 39], "summary": {"covered_lines": 4, "num_statements": 6, "percent_covered": 66.66666666666667, "percent_covered_display": "67", "missing_lines": 2, "excluded_lines": 0, "percent_statements_covered": 66.66666666666667, "percent_statements_covered_display": "67"}, "missing_lines": [35, 38], "excluded_lines": [], "start_line": 33}, "_default_output_path": {"executed_lines": [], "summary": {"covered_lines": 0, "num_statements": 3, "percent_covered": 0.0, "percent_covered_display": "0", "missing_lines": 3, "excluded_lines": 0, "percent_statements_covered": 0.0, "percent_statements_covered_display": "0"}, "missing_lines": [43, 44, 45], "excluded_lines": [], "start_line": 42}, "_ensure_case_window": {"executed_lines": [49, 50], "summary": {"covered_lines": 2, "num_statements": 4, "percent_covered": 50.0, "percent_covered_display": "50", "missing_lines": 2, "excluded_lines": 0, "percent_statements_covered": 50.0, "percent_statements_covered_display": "50"}, "missing_lines": [51, 52], "excluded_lines": [], "start_line": 48}, "run_frozen_eval": {"executed_lines": [63, 64, 65, 66, 67, 70, 72, 73, 74, 75, 77, 78, 79, 80, 82, 83, 84, 85, 95, 98, 108, 110, 111, 112, 115, 116, 119, 121, 124, 138, 139, 140], "summary": {"covered_lines": 32, "num_statements": 34, "percent_covered": 94.11764705882354, "percent_covered_display": "94", "missing_lines": 2, "excluded_lines": 0, "percent_statements_covered": 94.11764705882354, "percent_statements_covered_display": "94"}, "missing_lines": [120, 122], "excluded_lines": [], "start_line": 55}, "": {"executed_lines": [1, 3, 4, 5, 7, 8, 13, 18, 19, 20, 21, 22, 24, 33, 42, 48, 55], "summary": {"covered_lines": 17, "num_statements": 17, "percent_covered": 100.0, "percent_covered_display": "100", "missing_lines": 0, "excluded_lines": 0, "percent_statements_covered": 100.0, "percent_statements_covered_display": "100"}, "missing_lines": [], "excluded_lines": [], "start_line": 1}}, "classes": {"": {"executed_lines": [1, 3, 4, 5, 7, 8, 13, 18, 19, 20, 21, 22, 24, 33, 34, 36, 37, 39, 42, 48, 49, 50, 55, 63, 64, 65, 66, 67, 70, 72, 73, 74, 75, 77, 78, 79, 80, 82, 83, 84, 85, 95, 98, 108, 110, 111, 112, 115, 116, 119, 121, 124, 138, 139, 140], "summary": {"covered_lines": 55, "num_statements": 64, "percent_covered": 85.9375, "percent_covered_display": "86", "missing_lines": 9, "excluded_lines": 0, "percent_statements_covered": 85.9375, "percent_statements_covered_display": "86"}, "missing_lines": [35, 38, 43, 44, 45, 51, 52, 120, 122], "excluded_lines": [], "start_line": 1}}}, "src\\antigravity_mcp\\evals\\frozen_eval_dataset.py": {"executed_lines": [1, 3, 4, 5, 6, 8, 9, 12, 13, 14, 15, 16, 17, 18, 19, 20, 21, 24, 28, 29, 30, 35, 36, 39, 40, 41, 42, 45, 46, 48, 50, 52, 53, 56, 57, 60, 61, 62, 64, 65, 77, 78, 81, 94], "summary": {"covered_lines": 44, "num_statements": 53, "percent_covered": 83.01886792452831, "percent_covered_display": "83", "missing_lines": 9, "excluded_lines": 0, "percent_statements_covered": 83.01886792452831, "percent_statements_covered_display": "83"}, "missing_lines": [25, 37, 43, 47, 49, 54, 58, 63, 79], "excluded_lines": [], "functions": {"default_dataset_path": {"executed_lines": [], "summary": {"covered_lines": 0, "num_statements": 1, "percent_covered": 0.0, "percent_covered_display": "0", "missing_lines": 1, "excluded_lines": 0, "percent_statements_covered": 0.0, "percent_statements_covered_display": "0"}, "missing_lines": [25], "excluded_lines": [], "start_line": 24}, "load_frozen_eval_cases": {"executed_lines": [29, 30, 35, 36, 39, 40, 41, 42, 45, 46, 48, 50, 52, 53, 56, 57, 60, 61, 62, 64, 65, 77, 78, 81, 94], "summary": {"covered_lines": 25, "num_statements": 33, "percent_covered": 75.75757575757575, "percent_covered_display": "76", "missing_lines": 8, "excluded_lines": 0, "percent_statements_covered": 75.75757575757575, "percent_statements_covered_display": "76"}, "missing_lines": [37, 43, 47, 49, 54, 58, 63, 79], "excluded_lines": [], "start_line": 28}, "": {"executed_lines": [1, 3, 4, 5, 6, 8, 9, 12, 13, 14, 15, 16, 17, 18, 19, 20, 21, 24, 28], "summary": {"covered_lines": 19, "num_statements": 19, "percent_covered": 100.0, "percent_covered_display": "100", "missing_lines": 0, "excluded_lines": 0, "percent_statements_covered": 100.0, "percent_statements_covered_display": "100"}, "missing_lines": [], "excluded_lines": [], "start_line": 1}}, "classes": {"FrozenEvalCase": {"executed_lines": [], "summary": {"covered_lines": 0, "num_statements": 0, "percent_covered": 100.0, "percent_covered_display": "100", "missing_lines": 0, "excluded_lines": 0, "percent_statements_covered": 100.0, "percent_statements_covered_display": "100"}, "missing_lines": [], "excluded_lines": [], "start_line": 13}, "": {"executed_lines": [1, 3, 4, 5, 6, 8, 9, 12, 13, 14, 15, 16, 17, 18, 19, 20, 21, 24, 28, 29, 30, 35, 36, 39, 40, 41, 42, 45, 46, 48, 50, 52, 53, 56, 57, 60, 61, 62, 64, 65, 77, 78, 81, 94], "summary": {"covered_lines": 44, "num_statements": 53, "percent_covered": 83.01886792452831, "percent_covered_display": "83", "missing_lines": 9, "excluded_lines": 0, "percent_statements_covered": 83.01886792452831, "percent_statements_covered_display": "83"}, "missing_lines": [25, 37, 43, 47, 49, 54, 58, 63, 79], "excluded_lines": [], "start_line": 1}}}, "src\\antigravity_mcp\\evals\\frozen_eval_report.py": {"executed_lines": [1, 3, 4, 6, 7, 8, 11, 12, 13, 15, 22, 30, 31, 64, 65, 66, 67, 68, 69, 71, 104, 105, 106, 107, 108, 111, 113, 114, 115, 116, 118, 121, 122, 123, 126, 127, 129, 130, 131, 132, 134, 161, 162, 163, 164, 166, 191, 192, 201, 202, 203, 204, 207, 208], "summary": {"covered_lines": 54, "num_statements": 57, "percent_covered": 94.73684210526316, "percent_covered_display": "95", "missing_lines": 3, "excluded_lines": 0, "percent_statements_covered": 94.73684210526316, "percent_statements_covered_display": "95"}, "missing_lines": [14, 32, 206], "excluded_lines": [], "functions": {"_extract_x_draft": {"executed_lines": [12, 13, 15], "summary": {"covered_lines": 3, "num_statements": 4, "percent_covered": 75.0, "percent_covered_display": "75", "missing_lines": 1, "excluded_lines": 0, "percent_statements_covered": 75.0, "percent_statements_covered_display": "75"}, "missing_lines": [14], "excluded_lines": [], "start_line": 11}, "build_case_result": {"executed_lines": [30, 31, 64, 65, 66, 67, 68, 69, 71], "summary": {"covered_lines": 9, "num_statements": 10, "percent_covered": 90.0, "percent_covered_display": "90", "missing_lines": 1, "excluded_lines": 0, "percent_statements_covered": 90.0, "percent_statements_covered_display": "90"}, "missing_lines": [32], "excluded_lines": [], "start_line": 22}, "summarize_case_results": {"executed_lines": [105, 106, 107, 108, 111, 113, 114, 115, 116, 118, 121, 122, 123, 126, 127, 129, 130, 131, 132, 134], "summary": {"covered_lines": 20, "num_statements": 20, "percent_covered": 100.0, "percent_covered_display": "100", "missing_lines": 0, "excluded_lines": 0, "percent_statements_covered": 100.0, "percent_statements_covered_display": "100"}, "missing_lines": [], "excluded_lines": [], "start_line": 104}, "render_frozen_eval_markdown": {"executed_lines": [162, 163, 164, 166, 191, 192, 201, 202, 203, 204, 207, 208], "summary": {"covered_lines": 12, "num_statements": 13, "percent_covered": 92.3076923076923, "percent_covered_display": "92", "missing_lines": 1, "excluded_lines": 0, "percent_statements_covered": 92.3076923076923, "percent_statements_covered_display": "92"}, "missing_lines": [206], "excluded_lines": [], "start_line": 161}, "": {"executed_lines": [1, 3, 4, 6, 7, 8, 11, 22, 104, 161], "summary": {"covered_lines": 10, "num_statements": 10, "percent_covered": 100.0, "percent_covered_display": "100", "missing_lines": 0, "excluded_lines": 0, "percent_statements_covered": 100.0, "percent_statements_covered_display": "100"}, "missing_lines": [], "excluded_lines": [], "start_line": 1}}, "classes": {"": {"executed_lines": [1, 3, 4, 6, 7, 8, 11, 12, 13, 15, 22, 30, 31, 64, 65, 66, 67, 68, 69, 71, 104, 105, 106, 107, 108, 111, 113, 114, 115, 116, 118, 121, 122, 123, 126, 127, 129, 130, 131, 132, 134, 161, 162, 163, 164, 166, 191, 192, 201, 202, 203, 204, 207, 208], "summary": {"covered_lines": 54, "num_statements": 57, "percent_covered": 94.73684210526316, "percent_covered_display": "95", "missing_lines": 3, "excluded_lines": 0, "percent_statements_covered": 94.73684210526316, "percent_statements_covered_display": "95"}, "missing_lines": [14, 32, 206], "excluded_lines": [], "start_line": 1}}}, "src\\antigravity_mcp\\insights\\__init__.py": {"executed_lines": [1, 2, 4], "summary": {"covered_lines": 3, "num_statements": 3, "percent_covered": 100.0, "percent_covered_display": "100", "missing_lines": 0, "excluded_lines": 0, "percent_statements_covered": 100.0, "percent_statements_covered_display": "100"}, "missing_lines": [], "excluded_lines": [], "functions": {"": {"executed_lines": [1, 2, 4], "summary": {"covered_lines": 3, "num_statements": 3, "percent_covered": 100.0, "percent_covered_display": "100", "missing_lines": 0, "excluded_lines": 0, "percent_statements_covered": 100.0, "percent_statements_covered_display": "100"}, "missing_lines": [], "excluded_lines": [], "start_line": 1}}, "classes": {"": {"executed_lines": [1, 2, 4], "summary": {"covered_lines": 3, "num_statements": 3, "percent_covered": 100.0, "percent_covered_display": "100", "missing_lines": 0, "excluded_lines": 0, "percent_statements_covered": 100.0, "percent_statements_covered_display": "100"}, "missing_lines": [], "excluded_lines": [], "start_line": 1}}}, "src\\antigravity_mcp\\insights\\generator.py": {"executed_lines": [1, 3, 4, 5, 6, 7, 9, 11, 14, 15, 16, 17, 18, 20, 27, 28, 34, 35, 42, 43, 44, 46, 47, 48, 49, 50, 51, 53, 54, 65, 66, 67, 68, 69, 70, 71, 72, 73, 74, 75, 76, 77, 81, 83, 91, 95, 138, 139, 140, 146, 147, 148, 150, 151, 152, 153, 154, 155, 156, 157, 158, 159, 161, 162, 163, 164, 165, 166, 167, 168, 169, 174, 175, 176, 177, 178, 179, 180], "summary": {"covered_lines": 78, "num_statements": 78, "percent_covered": 100.0, "percent_covered_display": "100", "missing_lines": 0, "excluded_lines": 0, "percent_statements_covered": 100.0, "percent_statements_covered_display": "100"}, "missing_lines": [], "excluded_lines": [], "functions": {"InsightGenerator.__init__": {"executed_lines": [16, 17, 18], "summary": {"covered_lines": 3, "num_statements": 3, "percent_covered": 100.0, "percent_covered_display": "100", "missing_lines": 0, "excluded_lines": 0, "percent_statements_covered": 100.0, "percent_statements_covered_display": "100"}, "missing_lines": [], "excluded_lines": [], "start_line": 15}, "InsightGenerator.generate_insights": {"executed_lines": [27, 28, 34, 35, 42, 43, 44, 46, 47, 48, 49, 50, 51, 53, 54], "summary": {"covered_lines": 15, "num_statements": 15, "percent_covered": 100.0, "percent_covered_display": "100", "missing_lines": 0, "excluded_lines": 0, "percent_statements_covered": 100.0, "percent_statements_covered_display": "100"}, "missing_lines": [], "excluded_lines": [], "start_line": 20}, "InsightGenerator._get_historical_context": {"executed_lines": [66, 67, 68, 69, 70, 71, 72, 73, 74, 75, 76, 77, 81], "summary": {"covered_lines": 13, "num_statements": 13, "percent_covered": 100.0, "percent_covered_display": "100", "missing_lines": 0, "excluded_lines": 0, "percent_statements_covered": 100.0, "percent_statements_covered_display": "100"}, "missing_lines": [], "excluded_lines": [], "start_line": 65}, "InsightGenerator._build_insight_prompt": {"executed_lines": [91, 95], "summary": {"covered_lines": 2, "num_statements": 2, "percent_covered": 100.0, "percent_covered_display": "100", "missing_lines": 0, "excluded_lines": 0, "percent_statements_covered": 100.0, "percent_statements_covered_display": "100"}, "missing_lines": [], "excluded_lines": [], "start_line": 83}, "InsightGenerator._call_llm": {"executed_lines": [139, 140, 146, 147, 148, 150, 151, 152, 153, 154, 155, 156, 157, 158, 159], "summary": {"covered_lines": 15, "num_statements": 15, "percent_covered": 100.0, "percent_covered_display": "100", "missing_lines": 0, "excluded_lines": 0, "percent_statements_covered": 100.0, "percent_statements_covered_display": "100"}, "missing_lines": [], "excluded_lines": [], "start_line": 138}, "InsightGenerator._format_x_long_form": {"executed_lines": [162, 163, 164, 165, 166, 167, 168, 169, 174, 175, 176, 177, 178, 179, 180], "summary": {"covered_lines": 15, "num_statements": 15, "percent_covered": 100.0, "percent_covered_display": "100", "missing_lines": 0, "excluded_lines": 0, "percent_statements_covered": 100.0, "percent_statements_covered_display": "100"}, "missing_lines": [], "excluded_lines": [], "start_line": 161}, "": {"executed_lines": [1, 3, 4, 5, 6, 7, 9, 11, 14, 15, 20, 65, 83, 138, 161], "summary": {"covered_lines": 15, "num_statements": 15, "percent_covered": 100.0, "percent_covered_display": "100", "missing_lines": 0, "excluded_lines": 0, "percent_statements_covered": 100.0, "percent_statements_covered_display": "100"}, "missing_lines": [], "excluded_lines": [], "start_line": 1}}, "classes": {"InsightGenerator": {"executed_lines": [16, 17, 18, 27, 28, 34, 35, 42, 43, 44, 46, 47, 48, 49, 50, 51, 53, 54, 66, 67, 68, 69, 70, 71, 72, 73, 74, 75, 76, 77, 81, 91, 95, 139, 140, 146, 147, 148, 150, 151, 152, 153, 154, 155, 156, 157, 158, 159, 162, 163, 164, 165, 166, 167, 168, 169, 174, 175, 176, 177, 178, 179, 180], "summary": {"covered_lines": 63, "num_statements": 63, "percent_covered": 100.0, "percent_covered_display": "100", "missing_lines": 0, "excluded_lines": 0, "percent_statements_covered": 100.0, "percent_statements_covered_display": "100"}, "missing_lines": [], "excluded_lines": [], "start_line": 14}, "": {"executed_lines": [1, 3, 4, 5, 6, 7, 9, 11, 14, 15, 20, 65, 83, 138, 161], "summary": {"covered_lines": 15, "num_statements": 15, "percent_covered": 100.0, "percent_covered_display": "100", "missing_lines": 0, "excluded_lines": 0, "percent_statements_covered": 100.0, "percent_statements_covered_display": "100"}, "missing_lines": [], "excluded_lines": [], "start_line": 1}}}, "src\\antigravity_mcp\\insights\\validator.py": {"executed_lines": [1, 3, 4, 7, 8, 28, 29, 45, 46, 47, 61, 62, 64, 65, 66, 67, 68, 69, 71, 72, 74, 75, 76, 78, 79, 80, 81, 82, 83, 84, 85, 86, 87, 89, 90, 91, 93, 96, 106, 107, 108, 109, 110, 111, 113, 115, 116, 117, 119, 121, 122, 124, 125, 127, 128, 129, 130, 131, 132, 133, 134, 136, 138, 139, 140, 141, 144, 146, 147, 149, 150, 152, 153, 154, 155, 156, 157, 158, 159, 161, 163, 164, 166, 168, 169, 171, 172, 174, 175, 176, 177, 179, 180, 181, 182, 184, 185, 187, 188, 189, 191, 192], "summary": {"covered_lines": 102, "num_statements": 103, "percent_covered": 99.02912621359224, "percent_covered_display": "99", "missing_lines": 1, "excluded_lines": 0, "percent_statements_covered": 99.02912621359224, "percent_statements_covered_display": "99"}, "missing_lines": [142], "excluded_lines": [], "functions": {"InsightValidator.__init__": {"executed_lines": [62], "summary": {"covered_lines": 1, "num_statements": 1, "percent_covered": 100.0, "percent_covered_display": "100", "missing_lines": 0, "excluded_lines": 0, "percent_statements_covered": 100.0, "percent_statements_covered_display": "100"}, "missing_lines": [], "excluded_lines": [], "start_line": 61}, "InsightValidator.validate": {"executed_lines": [65, 66, 67, 68, 69, 71, 72, 74, 75, 76, 78, 79, 80, 81, 82, 83, 84, 85, 86, 87, 89, 90, 91, 93, 96], "summary": {"covered_lines": 25, "num_statements": 25, "percent_covered": 100.0, "percent_covered_display": "100", "missing_lines": 0, "excluded_lines": 0, "percent_statements_covered": 100.0, "percent_statements_covered_display": "100"}, "missing_lines": [], "excluded_lines": [], "start_line": 64}, "InsightValidator._validate_principle_1": {"executed_lines": [107, 108, 109, 110, 111, 113, 115, 116, 117, 119, 121, 122, 124, 125], "summary": {"covered_lines": 14, "num_statements": 14, "percent_covered": 100.0, "percent_covered_display": "100", "missing_lines": 0, "excluded_lines": 0, "percent_statements_covered": 100.0, "percent_statements_covered_display": "100"}, "missing_lines": [], "excluded_lines": [], "start_line": 106}, "InsightValidator._validate_principle_2": {"executed_lines": [128, 129, 130, 131, 132, 133, 134, 136, 138, 139, 140, 141, 144, 146, 147, 149, 150], "summary": {"covered_lines": 17, "num_statements": 18, "percent_covered": 94.44444444444444, "percent_covered_display": "94", "missing_lines": 1, "excluded_lines": 0, "percent_statements_covered": 94.44444444444444, "percent_statements_covered_display": "94"}, "missing_lines": [142], "excluded_lines": [], "start_line": 127}, "InsightValidator._validate_principle_3": {"executed_lines": [153, 154, 155, 156, 157, 158, 159, 161, 163, 164, 166, 168, 169, 171, 172], "summary": {"covered_lines": 15, "num_statements": 15, "percent_covered": 100.0, "percent_covered_display": "100", "missing_lines": 0, "excluded_lines": 0, "percent_statements_covered": 100.0, "percent_statements_covered_display": "100"}, "missing_lines": [], "excluded_lines": [], "start_line": 152}, "InsightValidator._fails_generic_action": {"executed_lines": [175, 176, 177], "summary": {"covered_lines": 3, "num_statements": 3, "percent_covered": 100.0, "percent_covered_display": "100", "missing_lines": 0, "excluded_lines": 0, "percent_statements_covered": 100.0, "percent_statements_covered_display": "100"}, "missing_lines": [], "excluded_lines": [], "start_line": 174}, "InsightValidator._has_ripple_and_causality": {"executed_lines": [180, 181, 182], "summary": {"covered_lines": 3, "num_statements": 3, "percent_covered": 100.0, "percent_covered_display": "100", "missing_lines": 0, "excluded_lines": 0, "percent_statements_covered": 100.0, "percent_statements_covered_display": "100"}, "missing_lines": [], "excluded_lines": [], "start_line": 179}, "InsightValidator._has_timeframe": {"executed_lines": [185], "summary": {"covered_lines": 1, "num_statements": 1, "percent_covered": 100.0, "percent_covered_display": "100", "missing_lines": 0, "excluded_lines": 0, "percent_statements_covered": 100.0, "percent_statements_covered_display": "100"}, "missing_lines": [], "excluded_lines": [], "start_line": 184}, "InsightValidator._target_count": {"executed_lines": [188, 189], "summary": {"covered_lines": 2, "num_statements": 2, "percent_covered": 100.0, "percent_covered_display": "100", "missing_lines": 0, "excluded_lines": 0, "percent_statements_covered": 100.0, "percent_statements_covered_display": "100"}, "missing_lines": [], "excluded_lines": [], "start_line": 187}, "InsightValidator._extract_numbers": {"executed_lines": [192], "summary": {"covered_lines": 1, "num_statements": 1, "percent_covered": 100.0, "percent_covered_display": "100", "missing_lines": 0, "excluded_lines": 0, "percent_statements_covered": 100.0, "percent_statements_covered_display": "100"}, "missing_lines": [], "excluded_lines": [], "start_line": 191}, "": {"executed_lines": [1, 3, 4, 7, 8, 28, 29, 45, 46, 47, 61, 64, 106, 127, 152, 174, 179, 184, 187, 191], "summary": {"covered_lines": 20, "num_statements": 20, "percent_covered": 100.0, "percent_covered_display": "100", "missing_lines": 0, "excluded_lines": 0, "percent_statements_covered": 100.0, "percent_statements_covered_display": "100"}, "missing_lines": [], "excluded_lines": [], "start_line": 1}}, "classes": {"InsightValidator": {"executed_lines": [62, 65, 66, 67, 68, 69, 71, 72, 74, 75, 76, 78, 79, 80, 81, 82, 83, 84, 85, 86, 87, 89, 90, 91, 93, 96, 107, 108, 109, 110, 111, 113, 115, 116, 117, 119, 121, 122, 124, 125, 128, 129, 130, 131, 132, 133, 134, 136, 138, 139, 140, 141, 144, 146, 147, 149, 150, 153, 154, 155, 156, 157, 158, 159, 161, 163, 164, 166, 168, 169, 171, 172, 175, 176, 177, 180, 181, 182, 185, 188, 189, 192], "summary": {"covered_lines": 82, "num_statements": 83, "percent_covered": 98.79518072289157, "percent_covered_display": "99", "missing_lines": 1, "excluded_lines": 0, "percent_statements_covered": 98.79518072289157, "percent_statements_covered_display": "99"}, "missing_lines": [142], "excluded_lines": [], "start_line": 7}, "": {"executed_lines": [1, 3, 4, 7, 8, 28, 29, 45, 46, 47, 61, 64, 106, 127, 152, 174, 179, 184, 187, 191], "summary": {"covered_lines": 20, "num_statements": 20, "percent_covered": 100.0, "percent_covered_display": "100", "missing_lines": 0, "excluded_lines": 0, "percent_statements_covered": 100.0, "percent_statements_covered_display": "100"}, "missing_lines": [], "excluded_lines": [], "start_line": 1}}}, "src\\antigravity_mcp\\integrations\\__init__.py": {"executed_lines": [], "summary": {"covered_lines": 0, "num_statements": 0, "percent_covered": 100.0, "percent_covered_display": "100", "missing_lines": 0, "excluded_lines": 0, "percent_statements_covered": 100.0, "percent_statements_covered_display": "100"}, "missing_lines": [], "excluded_lines": [], "functions": {"": {"executed_lines": [], "summary": {"covered_lines": 0, "num_statements": 0, "percent_covered": 100.0, "percent_covered_display": "100", "missing_lines": 0, "excluded_lines": 0, "percent_statements_covered": 100.0, "percent_statements_covered_display": "100"}, "missing_lines": [], "excluded_lines": [], "start_line": 1}}, "classes": {"": {"executed_lines": [], "summary": {"covered_lines": 0, "num_statements": 0, "percent_covered": 100.0, "percent_covered_display": "100", "missing_lines": 0, "excluded_lines": 0, "percent_statements_covered": 100.0, "percent_statements_covered_display": "100"}, "missing_lines": [], "excluded_lines": [], "start_line": 1}}}, "src\\antigravity_mcp\\integrations\\brain_adapter.py": {"executed_lines": [7, 9, 10, 11, 12, 14, 17, 18, 19, 35, 69, 71, 72, 73, 74, 76, 77, 78, 79, 80, 81, 82, 83, 84, 85, 88, 91, 92, 93, 97, 98, 100, 159, 170, 171], "summary": {"covered_lines": 35, "num_statements": 108, "percent_covered": 32.407407407407405, "percent_covered_display": "32", "missing_lines": 73, "excluded_lines": 0, "percent_statements_covered": 32.407407407407405, "percent_statements_covered_display": "32"}, "missing_lines": [20, 21, 22, 23, 25, 26, 27, 28, 29, 30, 31, 32, 75, 94, 95, 109, 110, 112, 114, 115, 116, 117, 118, 120, 139, 140, 145, 147, 148, 149, 150, 151, 152, 153, 154, 155, 157, 174, 175, 178, 179, 180, 181, 182, 183, 185, 186, 187, 188, 189, 190, 191, 192, 194, 197, 198, 199, 201, 202, 203, 204, 205, 206, 209, 253, 254, 259, 260, 261, 262, 263, 264, 265], "excluded_lines": [], "functions": {"_robust_json_parse": {"executed_lines": [71, 72, 73, 74, 76, 77, 78, 79, 80, 81, 82, 83, 84, 85], "summary": {"covered_lines": 14, "num_statements": 15, "percent_covered": 93.33333333333333, "percent_covered_display": "93", "missing_lines": 1, "excluded_lines": 0, "percent_statements_covered": 93.33333333333333, "percent_statements_covered_display": "93"}, "missing_lines": [75], "excluded_lines": [], "start_line": 69}, "BrainAdapter.__init__": {"executed_lines": [92, 93], "summary": {"covered_lines": 2, "num_statements": 4, "percent_covered": 50.0, "percent_covered_display": "50", "missing_lines": 2, "excluded_lines": 0, "percent_statements_covered": 50.0, "percent_statements_covered_display": "50"}, "missing_lines": [94, 95], "excluded_lines": [], "start_line": 91}, "BrainAdapter.is_available": {"executed_lines": [98], "summary": {"covered_lines": 1, "num_statements": 1, "percent_covered": 100.0, "percent_covered_display": "100", "missing_lines": 0, "excluded_lines": 0, "percent_statements_covered": 100.0, "percent_statements_covered_display": "100"}, "missing_lines": [], "excluded_lines": [], "start_line": 97}, "BrainAdapter.select_top_articles": {"executed_lines": [], "summary": {"covered_lines": 0, "num_statements": 22, "percent_covered": 0.0, "percent_covered_display": "0", "missing_lines": 22, "excluded_lines": 0, "percent_statements_covered": 0.0, "percent_statements_covered_display": "0"}, "missing_lines": [109, 110, 112, 114, 115, 116, 117, 118, 120, 139, 140, 145, 147, 148, 149, 150, 151, 152, 153, 154, 155, 157], "excluded_lines": [], "start_line": 100}, "BrainAdapter.analyze_news": {"executed_lines": [170, 171], "summary": {"covered_lines": 2, "num_statements": 38, "percent_covered": 5.2631578947368425, "percent_covered_display": "5", "missing_lines": 36, "excluded_lines": 0, "percent_statements_covered": 5.2631578947368425, "percent_statements_covered_display": "5"}, "missing_lines": [174, 175, 178, 179, 180, 181, 182, 183, 185, 186, 187, 188, 189, 190, 191, 192, 194, 197, 198, 199, 201, 202, 203, 204, 205, 206, 209, 253, 254, 259, 260, 261, 262, 263, 264, 265], "excluded_lines": [], "start_line": 159}, "": {"executed_lines": [7, 9, 10, 11, 12, 14, 17, 18, 19, 35, 69, 88, 91, 97, 100, 159], "summary": {"covered_lines": 16, "num_statements": 28, "percent_covered": 57.142857142857146, "percent_covered_display": "57", "missing_lines": 12, "excluded_lines": 0, "percent_statements_covered": 57.142857142857146, "percent_statements_covered_display": "57"}, "missing_lines": [20, 21, 22, 23, 25, 26, 27, 28, 29, 30, 31, 32], "excluded_lines": [], "start_line": 1}}, "classes": {"BrainAdapter": {"executed_lines": [92, 93, 98, 170, 171], "summary": {"covered_lines": 5, "num_statements": 65, "percent_covered": 7.6923076923076925, "percent_covered_display": "8", "missing_lines": 60, "excluded_lines": 0, "percent_statements_covered": 7.6923076923076925, "percent_statements_covered_display": "8"}, "missing_lines": [94, 95, 109, 110, 112, 114, 115, 116, 117, 118, 120, 139, 140, 145, 147, 148, 149, 150, 151, 152, 153, 154, 155, 157, 174, 175, 178, 179, 180, 181, 182, 183, 185, 186, 187, 188, 189, 190, 191, 192, 194, 197, 198, 199, 201, 202, 203, 204, 205, 206, 209, 253, 254, 259, 260, 261, 262, 263, 264, 265], "excluded_lines": [], "start_line": 88}, "": {"executed_lines": [7, 9, 10, 11, 12, 14, 17, 18, 19, 35, 69, 71, 72, 73, 74, 76, 77, 78, 79, 80, 81, 82, 83, 84, 85, 88, 91, 97, 100, 159], "summary": {"covered_lines": 30, "num_statements": 43, "percent_covered": 69.76744186046511, "percent_covered_display": "70", "missing_lines": 13, "excluded_lines": 0, "percent_statements_covered": 69.76744186046511, "percent_statements_covered_display": "70"}, "missing_lines": [20, 21, 22, 23, 25, 26, 27, 28, 29, 30, 31, 32, 75], "excluded_lines": [], "start_line": 1}}}, "src\\antigravity_mcp\\integrations\\canva_adapter.py": {"executed_lines": [1, 3, 4, 5, 6, 8, 9, 11, 13, 14, 15, 16, 17, 18, 21, 22, 23, 25, 26, 28, 33], "summary": {"covered_lines": 21, "num_statements": 53, "percent_covered": 39.62264150943396, "percent_covered_display": "40", "missing_lines": 32, "excluded_lines": 0, "percent_statements_covered": 39.62264150943396, "percent_statements_covered_display": "40"}, "missing_lines": [27, 43, 44, 45, 47, 48, 49, 50, 52, 53, 54, 55, 56, 57, 58, 60, 61, 62, 63, 64, 66, 67, 68, 69, 70, 71, 72, 73, 74, 76, 77, 78], "excluded_lines": [], "functions": {"CanvaAdapter.__init__": {"executed_lines": [23], "summary": {"covered_lines": 1, "num_statements": 1, "percent_covered": 100.0, "percent_covered_display": "100", "missing_lines": 0, "excluded_lines": 0, "percent_statements_covered": 100.0, "percent_statements_covered_display": "100"}, "missing_lines": [], "excluded_lines": [], "start_line": 22}, "CanvaAdapter.create_draft": {"executed_lines": [26, 28], "summary": {"covered_lines": 2, "num_statements": 3, "percent_covered": 66.66666666666667, "percent_covered_display": "67", "missing_lines": 1, "excluded_lines": 0, "percent_statements_covered": 66.66666666666667, "percent_statements_covered_display": "67"}, "missing_lines": [27], "excluded_lines": [], "start_line": 25}, "CanvaAdapter.generate_infographic": {"executed_lines": [], "summary": {"covered_lines": 0, "num_statements": 31, "percent_covered": 0.0, "percent_covered_display": "0", "missing_lines": 31, "excluded_lines": 0, "percent_statements_covered": 0.0, "percent_statements_covered_display": "0"}, "missing_lines": [43, 44, 45, 47, 48, 49, 50, 52, 53, 54, 55, 56, 57, 58, 60, 61, 62, 63, 64, 66, 67, 68, 69, 70, 71, 72, 73, 74, 76, 77, 78], "excluded_lines": [], "start_line": 33}, "": {"executed_lines": [1, 3, 4, 5, 6, 8, 9, 11, 13, 14, 15, 16, 17, 18, 21, 22, 25, 33], "summary": {"covered_lines": 18, "num_statements": 18, "percent_covered": 100.0, "percent_covered_display": "100", "missing_lines": 0, "excluded_lines": 0, "percent_statements_covered": 100.0, "percent_statements_covered_display": "100"}, "missing_lines": [], "excluded_lines": [], "start_line": 1}}, "classes": {"CanvaAdapter": {"executed_lines": [23, 26, 28], "summary": {"covered_lines": 3, "num_statements": 35, "percent_covered": 8.571428571428571, "percent_covered_display": "9", "missing_lines": 32, "excluded_lines": 0, "percent_statements_covered": 8.571428571428571, "percent_statements_covered_display": "9"}, "missing_lines": [27, 43, 44, 45, 47, 48, 49, 50, 52, 53, 54, 55, 56, 57, 58, 60, 61, 62, 63, 64, 66, 67, 68, 69, 70, 71, 72, 73, 74, 76, 77, 78], "excluded_lines": [], "start_line": 21}, "": {"executed_lines": [1, 3, 4, 5, 6, 8, 9, 11, 13, 14, 15, 16, 17, 18, 21, 22, 25, 33], "summary": {"covered_lines": 18, "num_statements": 18, "percent_covered": 100.0, "percent_covered_display": "100", "missing_lines": 0, "excluded_lines": 0, "percent_statements_covered": 100.0, "percent_statements_covered_display": "100"}, "missing_lines": [], "excluded_lines": [], "start_line": 1}}}, "src\\antigravity_mcp\\integrations\\circuit_breaker.py": {"executed_lines": [3, 5], "summary": {"covered_lines": 2, "num_statements": 2, "percent_covered": 100.0, "percent_covered_display": "100", "missing_lines": 0, "excluded_lines": 0, "percent_statements_covered": 100.0, "percent_statements_covered_display": "100"}, "missing_lines": [], "excluded_lines": [], "functions": {"": {"executed_lines": [3, 5], "summary": {"covered_lines": 2, "num_statements": 2, "percent_covered": 100.0, "percent_covered_display": "100", "missing_lines": 0, "excluded_lines": 0, "percent_statements_covered": 100.0, "percent_statements_covered_display": "100"}, "missing_lines": [], "excluded_lines": [], "start_line": 1}}, "classes": {"": {"executed_lines": [3, 5], "summary": {"covered_lines": 2, "num_statements": 2, "percent_covered": 100.0, "percent_covered_display": "100", "missing_lines": 0, "excluded_lines": 0, "percent_statements_covered": 100.0, "percent_statements_covered_display": "100"}, "missing_lines": [], "excluded_lines": [], "start_line": 1}}}, "src\\antigravity_mcp\\integrations\\digest_adapter.py": {"executed_lines": [7, 9, 10, 11, 12, 14, 17, 18, 19, 35, 36, 37, 38, 39, 41, 42, 43, 44, 45, 46, 47, 48, 49, 50, 53, 56, 57, 58, 61, 63, 64, 66, 68, 69, 70, 72, 81, 82, 84, 85, 86, 87, 90, 91, 92, 93, 95, 96, 99, 101, 103, 116, 117, 122, 123, 124, 127, 128, 129, 131, 132, 133, 141, 143, 144, 145, 146, 148, 150, 151, 153, 157, 164, 165, 170, 171, 172], "summary": {"covered_lines": 77, "num_statements": 96, "percent_covered": 80.20833333333333, "percent_covered_display": "80", "missing_lines": 19, "excluded_lines": 0, "percent_statements_covered": 80.20833333333333, "percent_statements_covered_display": "80"}, "missing_lines": [20, 21, 22, 23, 25, 26, 27, 28, 29, 30, 31, 32, 40, 59, 60, 98, 173, 174, 175], "excluded_lines": [], "functions": {"_robust_json_parse": {"executed_lines": [36, 37, 38, 39, 41, 42, 43, 44, 45, 46, 47, 48, 49, 50], "summary": {"covered_lines": 14, "num_statements": 15, "percent_covered": 93.33333333333333, "percent_covered_display": "93", "missing_lines": 1, "excluded_lines": 0, "percent_statements_covered": 93.33333333333333, "percent_statements_covered_display": "93"}, "missing_lines": [40], "excluded_lines": [], "start_line": 35}, "DigestAdapter.__init__": {"executed_lines": [57, 58, 61], "summary": {"covered_lines": 3, "num_statements": 5, "percent_covered": 60.0, "percent_covered_display": "60", "missing_lines": 2, "excluded_lines": 0, "percent_statements_covered": 60.0, "percent_statements_covered_display": "60"}, "missing_lines": [59, 60], "excluded_lines": [], "start_line": 56}, "DigestAdapter.is_available": {"executed_lines": [64], "summary": {"covered_lines": 1, "num_statements": 1, "percent_covered": 100.0, "percent_covered_display": "100", "missing_lines": 0, "excluded_lines": 0, "percent_statements_covered": 100.0, "percent_statements_covered_display": "100"}, "missing_lines": [], "excluded_lines": [], "start_line": 63}, "DigestAdapter.enqueue": {"executed_lines": [68, 69, 70], "summary": {"covered_lines": 3, "num_statements": 3, "percent_covered": 100.0, "percent_covered_display": "100", "missing_lines": 0, "excluded_lines": 0, "percent_statements_covered": 100.0, "percent_statements_covered_display": "100"}, "missing_lines": [], "excluded_lines": [], "start_line": 66}, "DigestAdapter.generate_digest": {"executed_lines": [81, 82, 84, 85, 86, 87, 90, 91, 92, 93, 95, 96, 99, 101, 103, 116, 117, 122, 123, 124, 127, 128, 129, 131, 132, 133, 141, 143, 144, 145, 146], "summary": {"covered_lines": 31, "num_statements": 32, "percent_covered": 96.875, "percent_covered_display": "97", "missing_lines": 1, "excluded_lines": 0, "percent_statements_covered": 96.875, "percent_statements_covered_display": "97"}, "missing_lines": [98], "excluded_lines": [], "start_line": 72}, "DigestAdapter.generate_digest_master": {"executed_lines": [150, 151, 153, 157, 164, 165, 170, 171, 172], "summary": {"covered_lines": 9, "num_statements": 12, "percent_covered": 75.0, "percent_covered_display": "75", "missing_lines": 3, "excluded_lines": 0, "percent_statements_covered": 75.0, "percent_statements_covered_display": "75"}, "missing_lines": [173, 174, 175], "excluded_lines": [], "start_line": 148}, "": {"executed_lines": [7, 9, 10, 11, 12, 14, 17, 18, 19, 35, 53, 56, 63, 66, 72, 148], "summary": {"covered_lines": 16, "num_statements": 28, "percent_covered": 57.142857142857146, "percent_covered_display": "57", "missing_lines": 12, "excluded_lines": 0, "percent_statements_covered": 57.142857142857146, "percent_statements_covered_display": "57"}, "missing_lines": [20, 21, 22, 23, 25, 26, 27, 28, 29, 30, 31, 32], "excluded_lines": [], "start_line": 1}}, "classes": {"DigestAdapter": {"executed_lines": [57, 58, 61, 64, 68, 69, 70, 81, 82, 84, 85, 86, 87, 90, 91, 92, 93, 95, 96, 99, 101, 103, 116, 117, 122, 123, 124, 127, 128, 129, 131, 132, 133, 141, 143, 144, 145, 146, 150, 151, 153, 157, 164, 165, 170, 171, 172], "summary": {"covered_lines": 47, "num_statements": 53, "percent_covered": 88.67924528301887, "percent_covered_display": "89", "missing_lines": 6, "excluded_lines": 0, "percent_statements_covered": 88.67924528301887, "percent_statements_covered_display": "89"}, "missing_lines": [59, 60, 98, 173, 174, 175], "excluded_lines": [], "start_line": 53}, "": {"executed_lines": [7, 9, 10, 11, 12, 14, 17, 18, 19, 35, 36, 37, 38, 39, 41, 42, 43, 44, 45, 46, 47, 48, 49, 50, 53, 56, 63, 66, 72, 148], "summary": {"covered_lines": 30, "num_statements": 43, "percent_covered": 69.76744186046511, "percent_covered_display": "70", "missing_lines": 13, "excluded_lines": 0, "percent_statements_covered": 69.76744186046511, "percent_statements_covered_display": "70"}, "missing_lines": [20, 21, 22, 23, 25, 26, 27, 28, 29, 30, 31, 32, 40], "excluded_lines": [], "start_line": 1}}}, "src\\antigravity_mcp\\integrations\\embedding_adapter.py": {"executed_lines": [7, 9, 10, 11, 13, 15, 16, 18, 21, 22, 25, 26, 29, 30, 31, 32, 34, 35, 36, 39, 40, 41, 42, 43, 45, 48, 51, 52, 53, 54, 56, 57, 58, 60, 62, 65, 66, 74, 78, 79, 80, 81, 82, 84, 89, 91, 103, 104, 105, 114, 115, 116, 118, 119, 120, 121, 122, 123, 124, 125, 127, 128, 129, 132, 133, 140, 143, 144, 147, 148], "summary": {"covered_lines": 70, "num_statements": 77, "percent_covered": 90.9090909090909, "percent_covered_display": "91", "missing_lines": 7, "excluded_lines": 0, "percent_statements_covered": 90.9090909090909, "percent_statements_covered_display": "91"}, "missing_lines": [44, 63, 90, 93, 106, 107, 108], "excluded_lines": [], "functions": {"ArticleCluster.is_multi_source": {"executed_lines": [36], "summary": {"covered_lines": 1, "num_statements": 1, "percent_covered": 100.0, "percent_covered_display": "100", "missing_lines": 0, "excluded_lines": 0, "percent_statements_covered": 100.0, "percent_statements_covered_display": "100"}, "missing_lines": [], "excluded_lines": [], "start_line": 35}, "_cosine_similarity": {"executed_lines": [40, 41, 42, 43, 45], "summary": {"covered_lines": 5, "num_statements": 6, "percent_covered": 83.33333333333333, "percent_covered_display": "83", "missing_lines": 1, "excluded_lines": 0, "percent_statements_covered": 83.33333333333333, "percent_statements_covered_display": "83"}, "missing_lines": [44], "excluded_lines": [], "start_line": 39}, "EmbeddingAdapter.__init__": {"executed_lines": [52, 53, 54], "summary": {"covered_lines": 3, "num_statements": 3, "percent_covered": 100.0, "percent_covered_display": "100", "missing_lines": 0, "excluded_lines": 0, "percent_statements_covered": 100.0, "percent_statements_covered_display": "100"}, "missing_lines": [], "excluded_lines": [], "start_line": 51}, "EmbeddingAdapter.is_available": {"executed_lines": [58], "summary": {"covered_lines": 1, "num_statements": 1, "percent_covered": 100.0, "percent_covered_display": "100", "missing_lines": 0, "excluded_lines": 0, "percent_statements_covered": 100.0, "percent_statements_covered_display": "100"}, "missing_lines": [], "excluded_lines": [], "start_line": 57}, "EmbeddingAdapter.get_embeddings": {"executed_lines": [62, 65, 66, 74, 78, 79, 80, 81, 82], "summary": {"covered_lines": 9, "num_statements": 10, "percent_covered": 90.0, "percent_covered_display": "90", "missing_lines": 1, "excluded_lines": 0, "percent_statements_covered": 90.0, "percent_statements_covered_display": "90"}, "missing_lines": [63], "excluded_lines": [], "start_line": 60}, "EmbeddingAdapter.cluster_articles": {"executed_lines": [89, 91, 103, 104, 105, 114, 115, 116, 118, 119, 120, 121, 122, 123, 124, 125, 127, 128, 129, 132, 133, 140, 143, 144, 147, 148], "summary": {"covered_lines": 26, "num_statements": 31, "percent_covered": 83.87096774193549, "percent_covered_display": "84", "missing_lines": 5, "excluded_lines": 0, "percent_statements_covered": 83.87096774193549, "percent_statements_covered_display": "84"}, "missing_lines": [90, 93, 106, 107, 108], "excluded_lines": [], "start_line": 84}, "": {"executed_lines": [7, 9, 10, 11, 13, 15, 16, 18, 21, 22, 25, 26, 29, 30, 31, 32, 34, 35, 39, 48, 51, 56, 57, 60, 84], "summary": {"covered_lines": 25, "num_statements": 25, "percent_covered": 100.0, "percent_covered_display": "100", "missing_lines": 0, "excluded_lines": 0, "percent_statements_covered": 100.0, "percent_statements_covered_display": "100"}, "missing_lines": [], "excluded_lines": [], "start_line": 1}}, "classes": {"ArticleCluster": {"executed_lines": [36], "summary": {"covered_lines": 1, "num_statements": 1, "percent_covered": 100.0, "percent_covered_display": "100", "missing_lines": 0, "excluded_lines": 0, "percent_statements_covered": 100.0, "percent_statements_covered_display": "100"}, "missing_lines": [], "excluded_lines": [], "start_line": 26}, "EmbeddingAdapter": {"executed_lines": [52, 53, 54, 58, 62, 65, 66, 74, 78, 79, 80, 81, 82, 89, 91, 103, 104, 105, 114, 115, 116, 118, 119, 120, 121, 122, 123, 124, 125, 127, 128, 129, 132, 133, 140, 143, 144, 147, 148], "summary": {"covered_lines": 39, "num_statements": 45, "percent_covered": 86.66666666666667, "percent_covered_display": "87", "missing_lines": 6, "excluded_lines": 0, "percent_statements_covered": 86.66666666666667, "percent_statements_covered_display": "87"}, "missing_lines": [63, 90, 93, 106, 107, 108], "excluded_lines": [], "start_line": 48}, "": {"executed_lines": [7, 9, 10, 11, 13, 15, 16, 18, 21, 22, 25, 26, 29, 30, 31, 32, 34, 35, 39, 40, 41, 42, 43, 45, 48, 51, 56, 57, 60, 84], "summary": {"covered_lines": 30, "num_statements": 31, "percent_covered": 96.7741935483871, "percent_covered_display": "97", "missing_lines": 1, "excluded_lines": 0, "percent_statements_covered": 96.7741935483871, "percent_statements_covered_display": "97"}, "missing_lines": [44], "excluded_lines": [], "start_line": 1}}}, "src\\antigravity_mcp\\integrations\\fact_check_adapter.py": {"executed_lines": [8, 10, 11, 12, 14, 16, 18, 30, 58, 61, 82, 85, 116, 119, 120, 121, 122, 124, 125, 126, 127, 129, 131, 132, 133, 134, 136, 137, 138, 139, 140, 141, 143, 146, 147, 150, 151, 154, 155, 158, 159, 162, 166, 170, 174, 177, 179, 180, 181, 182, 183, 184, 187, 191, 192, 193, 194, 196, 197, 204, 205, 206, 207, 208, 209, 210, 211, 212, 213, 215, 225, 226, 235, 236, 237, 238, 239, 240, 241, 242, 244, 245, 246, 254, 255, 271, 272, 273, 276], "summary": {"covered_lines": 89, "num_statements": 103, "percent_covered": 86.40776699029126, "percent_covered_display": "86", "missing_lines": 14, "excluded_lines": 0, "percent_statements_covered": 86.40776699029126, "percent_statements_covered_display": "86"}, "missing_lines": [128, 142, 163, 167, 171, 175, 188, 199, 202, 227, 247, 261, 262, 263], "excluded_lines": [], "functions": {"FactCheckAdapter.is_available": {"executed_lines": [121, 122], "summary": {"covered_lines": 2, "num_statements": 2, "percent_covered": 100.0, "percent_covered_display": "100", "missing_lines": 0, "excluded_lines": 0, "percent_statements_covered": 100.0, "percent_statements_covered_display": "100"}, "missing_lines": [], "excluded_lines": [], "start_line": 120}, "FactCheckAdapter._should_fact_check_line": {"executed_lines": [126, 127, 129], "summary": {"covered_lines": 3, "num_statements": 4, "percent_covered": 75.0, "percent_covered_display": "75", "missing_lines": 1, "excluded_lines": 0, "percent_statements_covered": 75.0, "percent_statements_covered_display": "75"}, "missing_lines": [128], "excluded_lines": [], "start_line": 125}, "FactCheckAdapter._extract_issue_value": {"executed_lines": [133, 134], "summary": {"covered_lines": 2, "num_statements": 2, "percent_covered": 100.0, "percent_covered_display": "100", "missing_lines": 0, "excluded_lines": 0, "percent_statements_covered": 100.0, "percent_statements_covered_display": "100"}, "missing_lines": [], "excluded_lines": [], "start_line": 132}, "FactCheckAdapter._is_noise_entity_issue": {"executed_lines": [138, 139, 140, 141, 143, 146, 147, 150, 151, 154, 155, 158, 159, 162, 166, 170, 174, 177], "summary": {"covered_lines": 18, "num_statements": 23, "percent_covered": 78.26086956521739, "percent_covered_display": "78", "missing_lines": 5, "excluded_lines": 0, "percent_statements_covered": 78.26086956521739, "percent_statements_covered_display": "78"}, "missing_lines": [142, 163, 167, 171, 175], "excluded_lines": [], "start_line": 137}, "FactCheckAdapter._is_low_signal_number_issue": {"executed_lines": [181, 182, 183, 184, 187, 191, 192, 193, 194, 196, 197], "summary": {"covered_lines": 11, "num_statements": 14, "percent_covered": 78.57142857142857, "percent_covered_display": "79", "missing_lines": 3, "excluded_lines": 0, "percent_statements_covered": 78.57142857142857, "percent_statements_covered_display": "79"}, "missing_lines": [188, 199, 202], "excluded_lines": [], "start_line": 180}, "FactCheckAdapter._filter_issues": {"executed_lines": [206, 207, 208, 209, 210, 211, 212, 213], "summary": {"covered_lines": 8, "num_statements": 8, "percent_covered": 100.0, "percent_covered_display": "100", "missing_lines": 0, "excluded_lines": 0, "percent_statements_covered": 100.0, "percent_statements_covered_display": "100"}, "missing_lines": [], "excluded_lines": [], "start_line": 205}, "FactCheckAdapter.check_report": {"executed_lines": [225, 226, 235, 236, 237, 238, 239, 240, 241, 242, 244, 245, 246, 254, 255, 271, 272, 273, 276], "summary": {"covered_lines": 19, "num_statements": 24, "percent_covered": 79.16666666666667, "percent_covered_display": "79", "missing_lines": 5, "excluded_lines": 0, "percent_statements_covered": 79.16666666666667, "percent_statements_covered_display": "79"}, "missing_lines": [227, 247, 261, 262, 263], "excluded_lines": [], "start_line": 215}, "": {"executed_lines": [8, 10, 11, 12, 14, 16, 18, 30, 58, 61, 82, 85, 116, 119, 120, 124, 125, 131, 132, 136, 137, 179, 180, 204, 205, 215], "summary": {"covered_lines": 26, "num_statements": 26, "percent_covered": 100.0, "percent_covered_display": "100", "missing_lines": 0, "excluded_lines": 0, "percent_statements_covered": 100.0, "percent_statements_covered_display": "100"}, "missing_lines": [], "excluded_lines": [], "start_line": 1}}, "classes": {"FactCheckAdapter": {"executed_lines": [121, 122, 126, 127, 129, 133, 134, 138, 139, 140, 141, 143, 146, 147, 150, 151, 154, 155, 158, 159, 162, 166, 170, 174, 177, 181, 182, 183, 184, 187, 191, 192, 193, 194, 196, 197, 206, 207, 208, 209, 210, 211, 212, 213, 225, 226, 235, 236, 237, 238, 239, 240, 241, 242, 244, 245, 246, 254, 255, 271, 272, 273, 276], "summary": {"covered_lines": 63, "num_statements": 77, "percent_covered": 81.81818181818181, "percent_covered_display": "82", "missing_lines": 14, "excluded_lines": 0, "percent_statements_covered": 81.81818181818181, "percent_statements_covered_display": "82"}, "missing_lines": [128, 142, 163, 167, 171, 175, 188, 199, 202, 227, 247, 261, 262, 263], "excluded_lines": [], "start_line": 116}, "": {"executed_lines": [8, 10, 11, 12, 14, 16, 18, 30, 58, 61, 82, 85, 116, 119, 120, 124, 125, 131, 132, 136, 137, 179, 180, 204, 205, 215], "summary": {"covered_lines": 26, "num_statements": 26, "percent_covered": 100.0, "percent_covered_display": "100", "missing_lines": 0, "excluded_lines": 0, "percent_statements_covered": 100.0, "percent_statements_covered_display": "100"}, "missing_lines": [], "excluded_lines": [], "start_line": 1}}}, "src\\antigravity_mcp\\integrations\\feed_adapter.py": {"executed_lines": [1, 3, 4, 6, 7, 8, 16, 18, 21, 31, 32, 33, 34, 36, 37
[...]
rcent_covered_display": "86", "missing_lines": 1, "excluded_lines": 0, "percent_statements_covered": 85.71428571428571, "percent_statements_covered_display": "86"}, "missing_lines": [417], "excluded_lines": [], "start_line": 415}, "PipelineStateStore._ensure_schema": {"executed_lines": [427, 428, 429, 431, 432, 433, 434, 436, 437, 438, 439, 441], "summary": {"covered_lines": 12, "num_statements": 12, "percent_covered": 100.0, "percent_covered_display": "100", "missing_lines": 0, "excluded_lines": 0, "percent_statements_covered": 100.0, "percent_statements_covered_display": "100"}, "missing_lines": [], "excluded_lines": [], "start_line": 426}, "": {"executed_lines": [7, 9, 10, 11, 12, 14, 15, 16, 25, 27, 30, 43, 53, 65, 76, 79, 82, 87, 94, 96, 101, 108, 117, 122, 127, 379, 415, 426], "summary": {"covered_lines": 28, "num_statements": 28, "percent_covered": 100.0, "percent_covered_display": "100", "missing_lines": 0, "excluded_lines": 0, "percent_statements_covered": 100.0, "percent_statements_covered_display": "100"}, "missing_lines": [], "excluded_lines": [], "start_line": 1}}, "classes": {"PipelineStateStore": {"executed_lines": [44, 45, 46, 47, 48, 49, 54, 55, 56, 57, 58, 59, 60, 61, 62, 63, 66, 67, 68, 69, 72, 83, 88, 92, 97, 99, 102, 103, 104, 105, 106, 109, 118, 119, 120, 123, 124, 125, 128, 143, 157, 184, 196, 210, 218, 232, 249, 259, 272, 285, 299, 312, 318, 324, 330, 336, 342, 348, 354, 360, 366, 372, 380, 381, 382, 384, 387, 388, 389, 416, 418, 419, 420, 421, 422, 427, 428, 429, 431, 432, 433, 434, 436, 437, 438, 439, 441], "summary": {"covered_lines": 87, "num_statements": 99, "percent_covered": 87.87878787878788, "percent_covered_display": "88", "missing_lines": 12, "excluded_lines": 0, "percent_statements_covered": 87.87878787878788, "percent_statements_covered_display": "88"}, "missing_lines": [70, 71, 77, 80, 98, 383, 385, 390, 391, 405, 413, 417], "excluded_lines": [], "start_line": 30}, "": {"executed_lines": [7, 9, 10, 11, 12, 14, 15, 16, 25, 27, 30, 43, 53, 65, 76, 79, 82, 87, 94, 96, 101, 108, 117, 122, 127, 379, 415, 426], "summary": {"covered_lines": 28, "num_statements": 28, "percent_covered": 100.0, "percent_covered_display": "100", "missing_lines": 0, "excluded_lines": 0, "percent_statements_covered": 100.0, "percent_statements_covered_display": "100"}, "missing_lines": [], "excluded_lines": [], "start_line": 1}}}, "src\\antigravity_mcp\\tooling\\__init__.py": {"executed_lines": [], "summary": {"covered_lines": 0, "num_statements": 0, "percent_covered": 100.0, "percent_covered_display": "100", "missing_lines": 0, "excluded_lines": 0, "percent_statements_covered": 100.0, "percent_statements_covered_display": "100"}, "missing_lines": [], "excluded_lines": [], "functions": {"": {"executed_lines": [], "summary": {"covered_lines": 0, "num_statements": 0, "percent_covered": 100.0, "percent_covered_display": "100", "missing_lines": 0, "excluded_lines": 0, "percent_statements_covered": 100.0, "percent_statements_covered_display": "100"}, "missing_lines": [], "excluded_lines": [], "start_line": 1}}, "classes": {"": {"executed_lines": [], "summary": {"covered_lines": 0, "num_statements": 0, "percent_covered": 100.0, "percent_covered_display": "100", "missing_lines": 0, "excluded_lines": 0, "percent_statements_covered": 100.0, "percent_statements_covered_display": "100"}, "missing_lines": [], "excluded_lines": [], "start_line": 1}}}, "src\\antigravity_mcp\\tooling\\content_tools.py": {"executed_lines": [1, 3, 5, 6, 7, 8, 9, 10, 11, 13, 16, 17, 18, 20, 21, 22, 23, 24, 25, 26, 27, 28, 31, 33, 34, 35, 36, 42, 43, 46, 51, 52, 53, 54, 55, 61, 62, 63, 65, 66, 67, 68, 70, 71, 72, 73, 81, 82, 83, 85, 90, 91, 92, 95, 98, 103, 104, 105, 106, 112, 113, 114, 116, 117, 118, 123, 124, 127, 130, 139, 140, 141, 142, 143], "summary": {"covered_lines": 74, "num_statements": 76, "percent_covered": 97.36842105263158, "percent_covered_display": "97", "missing_lines": 2, "excluded_lines": 0, "percent_statements_covered": 97.36842105263158, "percent_statements_covered_display": "97"}, "missing_lines": [93, 125], "excluded_lines": [], "functions": {"_normalize_categories": {"executed_lines": [17, 18, 20, 21, 22, 23, 24, 25, 26, 27, 28], "summary": {"covered_lines": 11, "num_statements": 11, "percent_covered": 100.0, "percent_covered_display": "100", "missing_lines": 0, "excluded_lines": 0, "percent_statements_covered": 100.0, "percent_statements_covered_display": "100"}, "missing_lines": [], "excluded_lines": [], "start_line": 16}, "_alert_on_error": {"executed_lines": [33, 34, 35, 36, 42, 43], "summary": {"covered_lines": 6, "num_statements": 6, "percent_covered": 100.0, "percent_covered_display": "100", "missing_lines": 0, "excluded_lines": 0, "percent_statements_covered": 100.0, "percent_statements_covered_display": "100"}, "missing_lines": [], "excluded_lines": [], "start_line": 31}, "content_generate_brief_tool": {"executed_lines": [51, 52, 53, 54, 55, 61, 62, 63, 65, 66, 67, 68, 70, 71, 72, 73, 81, 82, 83, 85, 90, 91, 92, 95], "summary": {"covered_lines": 24, "num_statements": 25, "percent_covered": 96.0, "percent_covered_display": "96", "missing_lines": 1, "excluded_lines": 0, "percent_statements_covered": 96.0, "percent_statements_covered_display": "96"}, "missing_lines": [93], "excluded_lines": [], "start_line": 46}, "content_publish_report_tool": {"executed_lines": [103, 104, 105, 106, 112, 113, 114, 116, 117, 118, 123, 124, 127], "summary": {"covered_lines": 13, "num_statements": 14, "percent_covered": 92.85714285714286, "percent_covered_display": "93", "missing_lines": 1, "excluded_lines": 0, "percent_statements_covered": 92.85714285714286, "percent_statements_covered_display": "93"}, "missing_lines": [125], "excluded_lines": [], "start_line": 98}, "content_invoke_skill_tool": {"executed_lines": [139, 140, 141, 142, 143], "summary": {"covered_lines": 5, "num_statements": 5, "percent_covered": 100.0, "percent_covered_display": "100", "missing_lines": 0, "excluded_lines": 0, "percent_statements_covered": 100.0, "percent_statements_covered_display": "100"}, "missing_lines": [], "excluded_lines": [], "start_line": 130}, "": {"executed_lines": [1, 3, 5, 6, 7, 8, 9, 10, 11, 13, 16, 31, 46, 98, 130], "summary": {"covered_lines": 15, "num_statements": 15, "percent_covered": 100.0, "percent_covered_display": "100", "missing_lines": 0, "excluded_lines": 0, "percent_statements_covered": 100.0, "percent_statements_covered_display": "100"}, "missing_lines": [], "excluded_lines": [], "start_line": 1}}, "classes": {"": {"executed_lines": [1, 3, 5, 6, 7, 8, 9, 10, 11, 13, 16, 17, 18, 20, 21, 22, 23, 24, 25, 26, 27, 28, 31, 33, 34, 35, 36, 42, 43, 46, 51, 52, 53, 54, 55, 61, 62, 63, 65, 66, 67, 68, 70, 71, 72, 73, 81, 82, 83, 85, 90, 91, 92, 95, 98, 103, 104, 105, 106, 112, 113, 114, 116, 117, 118, 123, 124, 127, 130, 139, 140, 141, 142, 143], "summary": {"covered_lines": 74, "num_statements": 76, "percent_covered": 97.36842105263158, "percent_covered_display": "97", "missing_lines": 2, "excluded_lines": 0, "percent_statements_covered": 97.36842105263158, "percent_statements_covered_display": "97"}, "missing_lines": [93, 125], "excluded_lines": [], "start_line": 1}}}, "src\\antigravity_mcp\\tooling\\notion_tools.py": {"executed_lines": [1, 3, 4, 5, 8, 9, 10, 11, 12, 13, 14, 20, 21, 22, 23, 24, 25, 28, 29, 30, 32, 33, 34, 35, 38, 44, 45, 47, 48, 53, 54, 57, 58, 59, 61, 62, 63, 64, 67, 68, 69, 70, 72, 76, 77, 78, 79, 80, 81, 82, 83, 84, 85], "summary": {"covered_lines": 53, "num_statements": 57, "percent_covered": 92.98245614035088, "percent_covered_display": "93", "missing_lines": 4, "excluded_lines": 0, "percent_statements_covered": 92.98245614035088, "percent_statements_covered_display": "93"}, "missing_lines": [31, 46, 60, 71], "excluded_lines": [], "functions": {"notion_search_tool": {"executed_lines": [9, 10, 11, 12, 13, 14, 20, 21, 22, 23, 24, 25], "summary": {"covered_lines": 12, "num_statements": 12, "percent_covered": 100.0, "percent_covered_display": "100", "missing_lines": 0, "excluded_lines": 0, "percent_statements_covered": 100.0, "percent_statements_covered_display": "100"}, "missing_lines": [], "excluded_lines": [], "start_line": 8}, "notion_get_page_tool": {"executed_lines": [29, 30, 32, 33, 34, 35], "summary": {"covered_lines": 6, "num_statements": 7, "percent_covered": 85.71428571428571, "percent_covered_display": "86", "missing_lines": 1, "excluded_lines": 0, "percent_statements_covered": 85.71428571428571, "percent_statements_covered_display": "86"}, "missing_lines": [31], "excluded_lines": [], "start_line": 28}, "notion_create_page_tool": {"executed_lines": [44, 45, 47, 48, 53, 54], "summary": {"covered_lines": 6, "num_statements": 7, "percent_covered": 85.71428571428571, "percent_covered_display": "86", "missing_lines": 1, "excluded_lines": 0, "percent_statements_covered": 85.71428571428571, "percent_statements_covered_display": "86"}, "missing_lines": [46], "excluded_lines": [], "start_line": 38}, "notion_append_blocks_tool": {"executed_lines": [58, 59, 61, 62, 63, 64], "summary": {"covered_lines": 6, "num_statements": 7, "percent_covered": 85.71428571428571, "percent_covered_display": "86", "missing_lines": 1, "excluded_lines": 0, "percent_statements_covered": 85.71428571428571, "percent_statements_covered_display": "86"}, "missing_lines": [60], "excluded_lines": [], "start_line": 57}, "notion_create_record_tool": {"executed_lines": [68, 69, 70, 72, 76, 77, 78, 79, 80, 81, 82, 83, 84, 85], "summary": {"covered_lines": 14, "num_statements": 15, "percent_covered": 93.33333333333333, "percent_covered_display": "93", "missing_lines": 1, "excluded_lines": 0, "percent_statements_covered": 93.33333333333333, "percent_statements_covered_display": "93"}, "missing_lines": [71], "excluded_lines": [], "start_line": 67}, "": {"executed_lines": [1, 3, 4, 5, 8, 28, 38, 57, 67], "summary": {"covered_lines": 9, "num_statements": 9, "percent_covered": 100.0, "percent_covered_display": "100", "missing_lines": 0, "excluded_lines": 0, "percent_statements_covered": 100.0, "percent_statements_covered_display": "100"}, "missing_lines": [], "excluded_lines": [], "start_line": 1}}, "classes": {"": {"executed_lines": [1, 3, 4, 5, 8, 9, 10, 11, 12, 13, 14, 20, 21, 22, 23, 24, 25, 28, 29, 30, 32, 33, 34, 35, 38, 44, 45, 47, 48, 53, 54, 57, 58, 59, 61, 62, 63, 64, 67, 68, 69, 70, 72, 76, 77, 78, 79, 80, 81, 82, 83, 84, 85], "summary": {"covered_lines": 53, "num_statements": 57, "percent_covered": 92.98245614035088, "percent_covered_display": "93", "missing_lines": 4, "excluded_lines": 0, "percent_statements_covered": 92.98245614035088, "percent_statements_covered_display": "93"}, "missing_lines": [31, 46, 60, 71], "excluded_lines": [], "start_line": 1}}}, "src\\antigravity_mcp\\tooling\\ops_tools.py": {"executed_lines": [1, 3, 4, 6, 7, 8, 9, 10, 11, 12, 14, 17, 18, 19, 20, 21, 22, 23, 25, 28, 29, 30, 31, 32, 34, 37, 38, 39, 40, 41, 42, 43, 45, 48, 53, 54, 59, 60, 61, 62, 63, 64, 65, 67, 68, 73, 74, 78, 83, 84, 85, 86, 88, 89, 90, 98, 101, 111, 112, 113, 115, 117, 118, 119, 124, 125, 127, 128, 130, 131, 132, 133, 134, 135, 136, 140, 150, 155, 157, 158, 159, 160, 161, 162, 163, 165, 168, 173, 174, 175, 176, 177, 181, 182, 184, 187, 189, 190, 191, 192, 193, 195, 196, 197, 198, 199, 201, 204, 206, 208, 209, 210, 211, 212, 219, 222, 224, 226, 227, 228, 229, 230, 231, 232, 240, 243, 245, 246, 247, 248, 249, 256], "summary": {"covered_lines": 132, "num_statements": 135, "percent_covered": 97.77777777777777, "percent_covered_display": "98", "missing_lines": 3, "excluded_lines": 0, "percent_statements_covered": 97.77777777777777, "percent_statements_covered_display": "98"}, "missing_lines": [75, 137, 138], "excluded_lines": [], "functions": {"ops_get_run_status_tool": {"executed_lines": [18, 19, 20, 21, 22, 23, 25], "summary": {"covered_lines": 7, "num_statements": 7, "percent_covered": 100.0, "percent_covered_display": "100", "missing_lines": 0, "excluded_lines": 0, "percent_statements_covered": 100.0, "percent_statements_covered_display": "100"}, "missing_lines": [], "excluded_lines": [], "start_line": 17}, "ops_list_runs_tool": {"executed_lines": [29, 30, 31, 32, 34], "summary": {"covered_lines": 5, "num_statements": 5, "percent_covered": 100.0, "percent_covered_display": "100", "missing_lines": 0, "excluded_lines": 0, "percent_statements_covered": 100.0, "percent_statements_covered_display": "100"}, "missing_lines": [], "excluded_lines": [], "start_line": 28}, "ops_refresh_dashboard_tool": {"executed_lines": [38, 39, 40, 41, 42, 43, 45], "summary": {"covered_lines": 7, "num_statements": 7, "percent_covered": 100.0, "percent_covered_display": "100", "missing_lines": 0, "excluded_lines": 0, "percent_statements_covered": 100.0, "percent_statements_covered_display": "100"}, "missing_lines": [], "excluded_lines": [], "start_line": 37}, "ops_run_frozen_eval_tool": {"executed_lines": [53, 54, 59, 60, 61, 62, 63, 64, 65, 67, 68, 73, 74], "summary": {"covered_lines": 13, "num_statements": 14, "percent_covered": 92.85714285714286, "percent_covered_display": "93", "missing_lines": 1, "excluded_lines": 0, "percent_statements_covered": 92.85714285714286, "percent_statements_covered_display": "93"}, "missing_lines": [75], "excluded_lines": [], "start_line": 48}, "ops_cleanup_tool": {"executed_lines": [83, 84, 85, 86, 88, 89, 90, 98], "summary": {"covered_lines": 8, "num_statements": 8, "percent_covered": 100.0, "percent_covered_display": "100", "missing_lines": 0, "excluded_lines": 0, "percent_statements_covered": 100.0, "percent_statements_covered_display": "100"}, "missing_lines": [], "excluded_lines": [], "start_line": 78}, "ops_check_health_tool": {"executed_lines": [111, 112, 113, 115, 117, 118, 119, 124, 125, 127, 128, 130, 131, 132, 133, 134, 135, 136, 140], "summary": {"covered_lines": 19, "num_statements": 21, "percent_covered": 90.47619047619048, "percent_covered_display": "90", "missing_lines": 2, "excluded_lines": 0, "percent_statements_covered": 90.47619047619048, "percent_statements_covered_display": "90"}, "missing_lines": [137, 138], "excluded_lines": [], "start_line": 101}, "ops_auto_collect_metrics_tool": {"executed_lines": [155, 157, 158, 159, 160, 161, 162, 163, 165], "summary": {"covered_lines": 9, "num_statements": 9, "percent_covered": 100.0, "percent_covered_display": "100", "missing_lines": 0, "excluded_lines": 0, "percent_statements_covered": 100.0, "percent_statements_covered_display": "100"}, "missing_lines": [], "excluded_lines": [], "start_line": 150}, "ops_collect_tweet_metrics_tool": {"executed_lines": [173, 174, 175, 176, 177, 181, 182, 184], "summary": {"covered_lines": 8, "num_statements": 8, "percent_covered": 100.0, "percent_covered_display": "100", "missing_lines": 0, "excluded_lines": 0, "percent_statements_covered": 100.0, "percent_statements_covered_display": "100"}, "missing_lines": [], "excluded_lines": [], "start_line": 168}, "ops_get_cost_report_tool": {"executed_lines": [189, 190, 191, 192, 193, 195, 196, 197, 198, 199, 201], "summary": {"covered_lines": 11, "num_statements": 11, "percent_covered": 100.0, "percent_covered_display": "100", "missing_lines": 0, "excluded_lines": 0, "percent_statements_covered": 100.0, "percent_statements_covered_display": "100"}, "missing_lines": [], "excluded_lines": [], "start_line": 187}, "ops_export_analytics_tool": {"executed_lines": [206, 208, 209, 210, 211, 212, 219], "summary": {"covered_lines": 7, "num_statements": 7, "percent_covered": 100.0, "percent_covered_display": "100", "missing_lines": 0, "excluded_lines": 0, "percent_statements_covered": 100.0, "percent_statements_covered_display": "100"}, "missing_lines": [], "excluded_lines": [], "start_line": 204}, "ops_get_content_calendar_tool": {"executed_lines": [224, 226, 227, 228, 229, 230, 231, 232, 240], "summary": {"covered_lines": 9, "num_statements": 9, "percent_covered": 100.0, "percent_covered_display": "100", "missing_lines": 0, "excluded_lines": 0, "percent_statements_covered": 100.0, "percent_statements_covered_display": "100"}, "missing_lines": [], "excluded_lines": [], "start_line": 222}, "ops_get_tweet_performance_tool": {"executed_lines": [245, 246, 247, 248, 249, 256], "summary": {"covered_lines": 6, "num_statements": 6, "percent_covered": 100.0, "percent_covered_display": "100", "missing_lines": 0, "excluded_lines": 0, "percent_statements_covered": 100.0, "percent_statements_covered_display": "100"}, "missing_lines": [], "excluded_lines": [], "start_line": 243}, "": {"executed_lines": [1, 3, 4, 6, 7, 8, 9, 10, 11, 12, 14, 17, 28, 37, 48, 78, 101, 150, 168, 187, 204, 222, 243], "summary": {"covered_lines": 23, "num_statements": 23, "percent_covered": 100.0, "percent_covered_display": "100", "missing_lines": 0, "excluded_lines": 0, "percent_statements_covered": 100.0, "percent_statements_covered_display": "100"}, "missing_lines": [], "excluded_lines": [], "start_line": 1}}, "classes": {"": {"executed_lines": [1, 3, 4, 6, 7, 8, 9, 10, 11, 12, 14, 17, 18, 19, 20, 21, 22, 23, 25, 28, 29, 30, 31, 32, 34, 37, 38, 39, 40, 41, 42, 43, 45, 48, 53, 54, 59, 60, 61, 62, 63, 64, 65, 67, 68, 73, 74, 78, 83, 84, 85, 86, 88, 89, 90, 98, 101, 111, 112, 113, 115, 117, 118, 119, 124, 125, 127, 128, 130, 131, 132, 133, 134, 135, 136, 140, 150, 155, 157, 158, 159, 160, 161, 162, 163, 165, 168, 173, 174, 175, 176, 177, 181, 182, 184, 187, 189, 190, 191, 192, 193, 195, 196, 197, 198, 199, 201, 204, 206, 208, 209, 210, 211, 212, 219, 222, 224, 226, 227, 228, 229, 230, 231, 232, 240, 243, 245, 246, 247, 248, 249, 256], "summary": {"covered_lines": 132, "num_statements": 135, "percent_covered": 97.77777777777777, "percent_covered_display": "98", "missing_lines": 3, "excluded_lines": 0, "percent_statements_covered": 97.77777777777777, "percent_statements_covered_display": "98"}, "missing_lines": [75, 137, 138], "excluded_lines": [], "start_line": 1}}}, "src\\antigravity_mcp\\tracing.py": {"executed_lines": [18, 20, 21, 22, 24, 27, 29, 32, 33, 35, 36, 37, 39], "summary": {"covered_lines": 13, "num_statements": 13, "percent_covered": 100.0, "percent_covered_display": "100", "missing_lines": 0, "excluded_lines": 1, "percent_statements_covered": 100.0, "percent_statements_covered_display": "100"}, "missing_lines": [], "excluded_lines": [1], "functions": {"current_trace_id": {"executed_lines": [29], "summary": {"covered_lines": 1, "num_statements": 1, "percent_covered": 100.0, "percent_covered_display": "100", "missing_lines": 0, "excluded_lines": 0, "percent_statements_covered": 100.0, "percent_statements_covered_display": "100"}, "missing_lines": [], "excluded_lines": [], "start_line": 27}, "trace_context": {"executed_lines": [35, 36, 37, 39], "summary": {"covered_lines": 4, "num_statements": 4, "percent_covered": 100.0, "percent_covered_display": "100", "missing_lines": 0, "excluded_lines": 0, "percent_statements_covered": 100.0, "percent_statements_covered_display": "100"}, "missing_lines": [], "excluded_lines": [], "start_line": 33}, "": {"executed_lines": [18, 20, 21, 22, 24, 27, 32, 33], "summary": {"covered_lines": 8, "num_statements": 8, "percent_covered": 100.0, "percent_covered_display": "100", "missing_lines": 0, "excluded_lines": 1, "percent_statements_covered": 100.0, "percent_statements_covered_display": "100"}, "missing_lines": [], "excluded_lines": [1], "start_line": 1}}, "classes": {"": {"executed_lines": [18, 20, 21, 22, 24, 27, 29, 32, 33, 35, 36, 37, 39], "summary": {"covered_lines": 13, "num_statements": 13, "percent_covered": 100.0, "percent_covered_display": "100", "missing_lines": 0, "excluded_lines": 1, "percent_statements_covered": 100.0, "percent_statements_covered_display": "100"}, "missing_lines": [], "excluded_lines": [1], "start_line": 1}}}}, "totals": {"covered_lines": 3863, "num_statements": 5055, "percent_covered": 76.41938674579625, "percent_covered_display": "76", "missing_lines": 1192, "excluded_lines": 8, "percent_statements_covered": 76.41938674579625, "percent_statements_covered_display": "76"}}